{"/Users/yanis/Documents/cours/B3/MSPR/MSPR-TPRE-502/front/src/App.tsx": {"path":"/Users/yanis/Documents/cours/B3/MSPR/MSPR-TPRE-502/front/src/App.tsx","all":true,"statementMap":{"0":{"start":{"line":1,"column":0},"end":{"line":1,"column":49}},"1":{"start":{"line":2,"column":0},"end":{"line":2,"column":52}},"2":{"start":{"line":3,"column":0},"end":{"line":3,"column":58}},"3":{"start":{"line":4,"column":0},"end":{"line":4,"column":49}},"4":{"start":{"line":5,"column":0},"end":{"line":5,"column":59}},"5":{"start":{"line":6,"column":0},"end":{"line":6,"column":63}},"7":{"start":{"line":8,"column":0},"end":{"line":8,"column":16}},"8":{"start":{"line":9,"column":0},"end":{"line":9,"column":10}},"9":{"start":{"line":10,"column":0},"end":{"line":10,"column":6}},"10":{"start":{"line":11,"column":0},"end":{"line":11,"column":82}},"11":{"start":{"line":12,"column":0},"end":{"line":12,"column":14}},"12":{"start":{"line":13,"column":0},"end":{"line":13,"column":55}},"13":{"start":{"line":14,"column":0},"end":{"line":14,"column":14}},"14":{"start":{"line":15,"column":0},"end":{"line":15,"column":18}},"15":{"start":{"line":16,"column":0},"end":{"line":16,"column":19}},"16":{"start":{"line":17,"column":0},"end":{"line":17,"column":25}},"17":{"start":{"line":18,"column":0},"end":{"line":18,"column":26}},"18":{"start":{"line":19,"column":0},"end":{"line":19,"column":26}},"20":{"start":{"line":21,"column":0},"end":{"line":21,"column":10}},"21":{"start":{"line":22,"column":0},"end":{"line":22,"column":14}},"22":{"start":{"line":23,"column":0},"end":{"line":23,"column":25}},"23":{"start":{"line":24,"column":0},"end":{"line":24,"column":19}},"24":{"start":{"line":25,"column":0},"end":{"line":25,"column":25}},"25":{"start":{"line":26,"column":0},"end":{"line":26,"column":29}},"26":{"start":{"line":27,"column":0},"end":{"line":27,"column":26}},"28":{"start":{"line":29,"column":0},"end":{"line":29,"column":10}},"29":{"start":{"line":30,"column":0},"end":{"line":30,"column":14}},"30":{"start":{"line":31,"column":0},"end":{"line":31,"column":29}},"31":{"start":{"line":32,"column":0},"end":{"line":32,"column":19}},"32":{"start":{"line":33,"column":0},"end":{"line":33,"column":25}},"33":{"start":{"line":34,"column":0},"end":{"line":34,"column":29}},"34":{"start":{"line":35,"column":0},"end":{"line":35,"column":26}},"36":{"start":{"line":37,"column":0},"end":{"line":37,"column":10}},"37":{"start":{"line":38,"column":0},"end":{"line":38,"column":15}},"38":{"start":{"line":39,"column":0},"end":{"line":39,"column":7}},"40":{"start":{"line":41,"column":0},"end":{"line":41,"column":1}},"42":{"start":{"line":43,"column":0},"end":{"line":43,"column":19}}},"s":{"0":0,"1":0,"2":0,"3":0,"4":0,"5":0,"7":0,"8":0,"9":0,"10":0,"11":0,"12":0,"13":0,"14":0,"15":0,"16":0,"17":0,"18":0,"20":0,"21":0,"22":0,"23":0,"24":0,"25":0,"26":0,"28":0,"29":0,"30":0,"31":0,"32":0,"33":0,"34":0,"36":0,"37":0,"38":0,"40":0,"42":0},"branchMap":{"0":{"type":"branch","line":1,"loc":{"start":{"line":1,"column":1072},"end":{"line":43,"column":19}},"locations":[{"start":{"line":1,"column":1072},"end":{"line":43,"column":19}}]}},"b":{"0":[0]},"fnMap":{"0":{"name":"(empty-report)","decl":{"start":{"line":1,"column":1072},"end":{"line":43,"column":19}},"loc":{"start":{"line":1,"column":1072},"end":{"line":43,"column":19}},"line":1}},"f":{"0":0}}
,"/Users/yanis/Documents/cours/B3/MSPR/MSPR-TPRE-502/front/src/auth-config.ts": {"path":"/Users/yanis/Documents/cours/B3/MSPR/MSPR-TPRE-502/front/src/auth-config.ts","all":false,"statementMap":{"0":{"start":{"line":1,"column":0},"end":{"line":1,"column":53}},"2":{"start":{"line":3,"column":0},"end":{"line":3,"column":27}},"3":{"start":{"line":4,"column":0},"end":{"line":4,"column":20}},"4":{"start":{"line":5,"column":0},"end":{"line":5,"column":27}},"5":{"start":{"line":6,"column":0},"end":{"line":6,"column":41}},"6":{"start":{"line":7,"column":0},"end":{"line":7,"column":22}},"7":{"start":{"line":8,"column":0},"end":{"line":8,"column":3}},"9":{"start":{"line":10,"column":0},"end":{"line":10,"column":21}}},"s":{"0":1,"2":1,"3":1,"4":1,"5":1,"6":1,"7":1,"9":1},"branchMap":{},"b":{},"fnMap":{},"f":{}}
,"/Users/yanis/Documents/cours/B3/MSPR/MSPR-TPRE-502/front/src/main.tsx": {"path":"/Users/yanis/Documents/cours/B3/MSPR/MSPR-TPRE-502/front/src/main.tsx","all":true,"statementMap":{"0":{"start":{"line":1,"column":0},"end":{"line":1,"column":35}},"1":{"start":{"line":2,"column":0},"end":{"line":2,"column":46}},"2":{"start":{"line":3,"column":0},"end":{"line":3,"column":49}},"3":{"start":{"line":4,"column":0},"end":{"line":4,"column":55}},"4":{"start":{"line":5,"column":0},"end":{"line":5,"column":34}},"5":{"start":{"line":6,"column":0},"end":{"line":6,"column":56}},"6":{"start":{"line":7,"column":0},"end":{"line":7,"column":24}},"7":{"start":{"line":8,"column":0},"end":{"line":8,"column":21}},"9":{"start":{"line":10,"column":0},"end":{"line":10,"column":52}},"10":{"start":{"line":11,"column":0},"end":{"line":11,"column":14}},"11":{"start":{"line":12,"column":0},"end":{"line":12,"column":19}},"12":{"start":{"line":13,"column":0},"end":{"line":13,"column":34}},"13":{"start":{"line":14,"column":0},"end":{"line":14,"column":23}},"14":{"start":{"line":15,"column":0},"end":{"line":15,"column":17}},"15":{"start":{"line":16,"column":0},"end":{"line":16,"column":24}},"16":{"start":{"line":17,"column":0},"end":{"line":17,"column":21}},"17":{"start":{"line":18,"column":0},"end":{"line":18,"column":20}},"18":{"start":{"line":19,"column":0},"end":{"line":19,"column":15}},"19":{"start":{"line":20,"column":0},"end":{"line":20,"column":2}}},"s":{"0":0,"1":0,"2":0,"3":0,"4":0,"5":0,"6":0,"7":0,"9":0,"10":0,"11":0,"12":0,"13":0,"14":0,"15":0,"16":0,"17":0,"18":0,"19":0},"branchMap":{"0":{"type":"branch","line":1,"loc":{"start":{"line":1,"column":486},"end":{"line":20,"column":-355}},"locations":[{"start":{"line":1,"column":486},"end":{"line":20,"column":-355}}]}},"b":{"0":[0]},"fnMap":{"0":{"name":"(empty-report)","decl":{"start":{"line":1,"column":486},"end":{"line":20,"column":-355}},"loc":{"start":{"line":1,"column":486},"end":{"line":20,"column":-355}},"line":1}},"f":{"0":0}}
,"/Users/yanis/Documents/cours/B3/MSPR/MSPR-TPRE-502/front/src/components/AuthGuard/AuthGuard.tsx": {"path":"/Users/yanis/Documents/cours/B3/MSPR/MSPR-TPRE-502/front/src/components/AuthGuard/AuthGuard.tsx","all":false,"statementMap":{"1":{"start":{"line":2,"column":0},"end":{"line":2,"column":44}},"2":{"start":{"line":3,"column":0},"end":{"line":3,"column":73}},"8":{"start":{"line":9,"column":0},"end":{"line":9,"column":54}},"9":{"start":{"line":10,"column":0},"end":{"line":10,"column":47}},"11":{"start":{"line":12,"column":0},"end":{"line":12,"column":78}},"12":{"start":{"line":13,"column":0},"end":{"line":13,"column":2}},"14":{"start":{"line":15,"column":0},"end":{"line":15,"column":25}}},"s":{"1":1,"2":1,"8":1,"9":2,"11":2,"12":2,"14":1},"branchMap":{"0":{"type":"branch","line":9,"loc":{"start":{"line":9,"column":35},"end":{"line":13,"column":2}},"locations":[{"start":{"line":9,"column":35},"end":{"line":13,"column":2}}]},"1":{"type":"branch","line":12,"loc":{"start":{"line":12,"column":9},"end":{"line":12,"column":45}},"locations":[{"start":{"line":12,"column":9},"end":{"line":12,"column":45}}]},"2":{"type":"branch","line":12,"loc":{"start":{"line":12,"column":39},"end":{"line":12,"column":78}},"locations":[{"start":{"line":12,"column":39},"end":{"line":12,"column":78}}]}},"b":{"0":[2],"1":[1],"2":[1]},"fnMap":{"0":{"name":"AuthGuard","decl":{"start":{"line":9,"column":35},"end":{"line":13,"column":2}},"loc":{"start":{"line":9,"column":35},"end":{"line":13,"column":2}},"line":9}},"f":{"0":2}}
,"/Users/yanis/Documents/cours/B3/MSPR/MSPR-TPRE-502/front/src/components/Layout/Layout.tsx": {"path":"/Users/yanis/Documents/cours/B3/MSPR/MSPR-TPRE-502/front/src/components/Layout/Layout.tsx","all":false,"statementMap":{"0":{"start":{"line":1,"column":0},"end":{"line":1,"column":26}},"1":{"start":{"line":2,"column":0},"end":{"line":2,"column":38}},"7":{"start":{"line":8,"column":0},"end":{"line":8,"column":57}},"8":{"start":{"line":9,"column":0},"end":{"line":9,"column":10}},"9":{"start":{"line":10,"column":0},"end":{"line":10,"column":48}},"10":{"start":{"line":11,"column":0},"end":{"line":11,"column":16}},"11":{"start":{"line":12,"column":0},"end":{"line":12,"column":52}},"12":{"start":{"line":13,"column":0},"end":{"line":13,"column":18}},"13":{"start":{"line":14,"column":0},"end":{"line":14,"column":13}},"14":{"start":{"line":15,"column":0},"end":{"line":15,"column":10}},"16":{"start":{"line":17,"column":0},"end":{"line":17,"column":2}},"18":{"start":{"line":19,"column":0},"end":{"line":19,"column":22}}},"s":{"0":1,"1":1,"7":1,"8":24,"9":24,"10":24,"11":24,"12":24,"13":24,"14":24,"16":24,"18":1},"branchMap":{"0":{"type":"branch","line":8,"loc":{"start":{"line":8,"column":38},"end":{"line":17,"column":2}},"locations":[{"start":{"line":8,"column":38},"end":{"line":17,"column":2}}]}},"b":{"0":[24]},"fnMap":{"0":{"name":"Layout","decl":{"start":{"line":8,"column":38},"end":{"line":17,"column":2}},"loc":{"start":{"line":8,"column":38},"end":{"line":17,"column":2}},"line":8}},"f":{"0":24}}
,"/Users/yanis/Documents/cours/B3/MSPR/MSPR-TPRE-502/front/src/components/Navbar/Navbar.tsx": {"path":"/Users/yanis/Documents/cours/B3/MSPR/MSPR-TPRE-502/front/src/components/Navbar/Navbar.tsx","all":false,"statementMap":{"0":{"start":{"line":1,"column":0},"end":{"line":1,"column":26}},"1":{"start":{"line":2,"column":0},"end":{"line":2,"column":53}},"2":{"start":{"line":3,"column":0},"end":{"line":3,"column":48}},"3":{"start":{"line":4,"column":0},"end":{"line":4,"column":46}},"4":{"start":{"line":5,"column":0},"end":{"line":5,"column":77}},"5":{"start":{"line":6,"column":0},"end":{"line":6,"column":73}},"6":{"start":{"line":7,"column":0},"end":{"line":7,"column":63}},"7":{"start":{"line":8,"column":0},"end":{"line":8,"column":52}},"8":{"start":{"line":9,"column":0},"end":{"line":9,"column":68}},"9":{"start":{"line":10,"column":0},"end":{"line":10,"column":54}},"10":{"start":{"line":11,"column":0},"end":{"line":11,"column":53}},"12":{"start":{"line":13,"column":0},"end":{"line":13,"column":32}},"13":{"start":{"line":14,"column":0},"end":{"line":14,"column":47}},"14":{"start":{"line":15,"column":0},"end":{"line":15,"column":35}},"15":{"start":{"line":16,"column":0},"end":{"line":16,"column":33}},"17":{"start":{"line":18,"column":0},"end":{"line":18,"column":20}},"18":{"start":{"line":19,"column":0},"end":{"line":19,"column":48}},"19":{"start":{"line":20,"column":0},"end":{"line":20,"column":68}},"20":{"start":{"line":21,"column":0},"end":{"line":21,"column":4}},"22":{"start":{"line":23,"column":0},"end":{"line":23,"column":64}},"24":{"start":{"line":25,"column":0},"end":{"line":25,"column":10}},"25":{"start":{"line":26,"column":0},"end":{"line":26,"column":133}},"26":{"start":{"line":27,"column":0},"end":{"line":27,"column":77}},"28":{"start":{"line":29,"column":0},"end":{"line":29,"column":53}},"29":{"start":{"line":30,"column":0},"end":{"line":30,"column":15}},"30":{"start":{"line":31,"column":0},"end":{"line":31,"column":28}},"31":{"start":{"line":32,"column":0},"end":{"line":32,"column":27}},"32":{"start":{"line":33,"column":0},"end":{"line":33,"column":33}},"33":{"start":{"line":34,"column":0},"end":{"line":34,"column":12}},"34":{"start":{"line":35,"column":0},"end":{"line":35,"column":55}},"35":{"start":{"line":36,"column":0},"end":{"line":36,"column":73}},"36":{"start":{"line":37,"column":0},"end":{"line":37,"column":59}},"37":{"start":{"line":38,"column":0},"end":{"line":38,"column":51}},"39":{"start":{"line":40,"column":0},"end":{"line":40,"column":20}},"40":{"start":{"line":41,"column":0},"end":{"line":41,"column":16}},"41":{"start":{"line":42,"column":0},"end":{"line":42,"column":14}},"44":{"start":{"line":45,"column":0},"end":{"line":45,"column":63}},"45":{"start":{"line":46,"column":0},"end":{"line":46,"column":58}},"46":{"start":{"line":47,"column":0},"end":{"line":47,"column":19}},"47":{"start":{"line":48,"column":0},"end":{"line":48,"column":24}},"48":{"start":{"line":49,"column":0},"end":{"line":49,"column":60}},"49":{"start":{"line":50,"column":0},"end":{"line":50,"column":23}},"50":{"start":{"line":51,"column":0},"end":{"line":51,"column":21}},"52":{"start":{"line":53,"column":0},"end":{"line":53,"column":70}},"53":{"start":{"line":54,"column":0},"end":{"line":54,"column":44}},"54":{"start":{"line":55,"column":0},"end":{"line":55,"column":36}},"55":{"start":{"line":56,"column":0},"end":{"line":56,"column":21}},"56":{"start":{"line":57,"column":0},"end":{"line":57,"column":21}},"57":{"start":{"line":58,"column":0},"end":{"line":58,"column":13}},"58":{"start":{"line":59,"column":0},"end":{"line":59,"column":14}},"61":{"start":{"line":62,"column":0},"end":{"line":62,"column":53}},"62":{"start":{"line":63,"column":0},"end":{"line":63,"column":25}},"64":{"start":{"line":65,"column":0},"end":{"line":65,"column":38}},"65":{"start":{"line":66,"column":0},"end":{"line":66,"column":54}},"66":{"start":{"line":67,"column":0},"end":{"line":67,"column":74}},"67":{"start":{"line":68,"column":0},"end":{"line":68,"column":44}},"68":{"start":{"line":69,"column":0},"end":{"line":69,"column":66}},"69":{"start":{"line":70,"column":0},"end":{"line":70,"column":34}},"70":{"start":{"line":71,"column":0},"end":{"line":71,"column":61}},"71":{"start":{"line":72,"column":0},"end":{"line":72,"column":35}},"72":{"start":{"line":73,"column":0},"end":{"line":73,"column":25}},"73":{"start":{"line":74,"column":0},"end":{"line":74,"column":69}},"74":{"start":{"line":75,"column":0},"end":{"line":75,"column":56}},"75":{"start":{"line":76,"column":0},"end":{"line":76,"column":52}},"76":{"start":{"line":77,"column":0},"end":{"line":77,"column":25}},"77":{"start":{"line":78,"column":0},"end":{"line":78,"column":94}},"78":{"start":{"line":79,"column":0},"end":{"line":79,"column":60}},"79":{"start":{"line":80,"column":0},"end":{"line":80,"column":26}},"80":{"start":{"line":81,"column":0},"end":{"line":81,"column":22}},"81":{"start":{"line":82,"column":0},"end":{"line":82,"column":21}},"82":{"start":{"line":83,"column":0},"end":{"line":83,"column":21}},"84":{"start":{"line":85,"column":0},"end":{"line":85,"column":56}},"85":{"start":{"line":86,"column":0},"end":{"line":86,"column":72}},"86":{"start":{"line":87,"column":0},"end":{"line":87,"column":44}},"87":{"start":{"line":88,"column":0},"end":{"line":88,"column":38}},"88":{"start":{"line":89,"column":0},"end":{"line":89,"column":21}},"89":{"start":{"line":90,"column":0},"end":{"line":90,"column":21}},"91":{"start":{"line":92,"column":0},"end":{"line":92,"column":14}},"92":{"start":{"line":93,"column":0},"end":{"line":93,"column":12}},"95":{"start":{"line":96,"column":0},"end":{"line":96,"column":56}},"96":{"start":{"line":97,"column":0},"end":{"line":97,"column":45}},"97":{"start":{"line":98,"column":0},"end":{"line":98,"column":47}},"98":{"start":{"line":99,"column":0},"end":{"line":99,"column":60}},"99":{"start":{"line":100,"column":0},"end":{"line":100,"column":21}},"100":{"start":{"line":101,"column":0},"end":{"line":101,"column":26}},"101":{"start":{"line":102,"column":0},"end":{"line":102,"column":62}},"102":{"start":{"line":103,"column":0},"end":{"line":103,"column":25}},"103":{"start":{"line":104,"column":0},"end":{"line":104,"column":23}},"104":{"start":{"line":105,"column":0},"end":{"line":105,"column":39}},"106":{"start":{"line":107,"column":0},"end":{"line":107,"column":81}},"107":{"start":{"line":108,"column":0},"end":{"line":108,"column":46}},"108":{"start":{"line":109,"column":0},"end":{"line":109,"column":58}},"109":{"start":{"line":110,"column":0},"end":{"line":110,"column":23}},"110":{"start":{"line":111,"column":0},"end":{"line":111,"column":23}},"111":{"start":{"line":112,"column":0},"end":{"line":112,"column":15}},"112":{"start":{"line":113,"column":0},"end":{"line":113,"column":16}},"113":{"start":{"line":114,"column":0},"end":{"line":114,"column":14}},"114":{"start":{"line":115,"column":0},"end":{"line":115,"column":12}},"115":{"start":{"line":116,"column":0},"end":{"line":116,"column":13}},"117":{"start":{"line":118,"column":0},"end":{"line":118,"column":2}},"119":{"start":{"line":120,"column":0},"end":{"line":120,"column":22}}},"s":{"0":1,"1":1,"2":1,"3":1,"4":1,"5":1,"6":1,"7":1,"8":1,"9":1,"10":1,"12":1,"13":54,"14":54,"15":54,"17":54,"18":54,"19":54,"20":54,"22":54,"24":54,"25":54,"26":54,"28":54,"29":54,"30":54,"31":54,"32":54,"33":54,"34":54,"35":54,"36":54,"37":54,"39":54,"40":54,"41":54,"44":54,"45":54,"46":108,"47":108,"48":108,"49":108,"50":108,"52":108,"53":108,"54":108,"55":108,"56":108,"57":54,"58":54,"61":54,"62":54,"64":54,"65":0,"66":0,"67":0,"68":0,"69":0,"70":0,"71":0,"72":0,"73":0,"74":0,"75":0,"76":0,"77":0,"78":0,"79":0,"80":0,"81":0,"82":0,"84":54,"85":54,"86":54,"87":54,"88":54,"89":54,"91":54,"92":54,"95":54,"96":54,"97":54,"98":54,"99":108,"100":108,"101":108,"102":108,"103":108,"104":108,"106":108,"107":108,"108":108,"109":108,"110":108,"111":54,"112":54,"113":54,"114":54,"115":54,"117":54,"119":1},"branchMap":{"0":{"type":"branch","line":13,"loc":{"start":{"line":13,"column":25},"end":{"line":118,"column":2}},"locations":[{"start":{"line":13,"column":25},"end":{"line":118,"column":2}}]},"1":{"type":"branch","line":65,"loc":{"start":{"line":65,"column":11},"end":{"line":65,"column":38}},"locations":[{"start":{"line":65,"column":11},"end":{"line":65,"column":38}}]},"2":{"type":"branch","line":65,"loc":{"start":{"line":65,"column":30},"end":{"line":83,"column":21}},"locations":[{"start":{"line":65,"column":30},"end":{"line":83,"column":21}}]},"3":{"type":"branch","line":23,"loc":{"start":{"line":23,"column":19},"end":{"line":23,"column":64}},"locations":[{"start":{"line":23,"column":19},"end":{"line":23,"column":64}}]},"4":{"type":"branch","line":46,"loc":{"start":{"line":46,"column":24},"end":{"line":57,"column":21}},"locations":[{"start":{"line":46,"column":24},"end":{"line":57,"column":21}}]},"5":{"type":"branch","line":49,"loc":{"start":{"line":49,"column":36},"end":{"line":49,"column":52}},"locations":[{"start":{"line":49,"column":36},"end":{"line":49,"column":52}}]},"6":{"type":"branch","line":49,"loc":{"start":{"line":49,"column":40},"end":{"line":49,"column":60}},"locations":[{"start":{"line":49,"column":40},"end":{"line":49,"column":60}}]},"7":{"type":"branch","line":99,"loc":{"start":{"line":99,"column":26},"end":{"line":111,"column":23}},"locations":[{"start":{"line":99,"column":26},"end":{"line":111,"column":23}}]},"8":{"type":"branch","line":102,"loc":{"start":{"line":102,"column":38},"end":{"line":102,"column":54}},"locations":[{"start":{"line":102,"column":38},"end":{"line":102,"column":54}}]},"9":{"type":"branch","line":102,"loc":{"start":{"line":102,"column":42},"end":{"line":102,"column":62}},"locations":[{"start":{"line":102,"column":42},"end":{"line":102,"column":62}}]}},"b":{"0":[54],"1":[0],"2":[0],"3":[216],"4":[108],"5":[54],"6":[54],"7":[108],"8":[54],"9":[54]},"fnMap":{"0":{"name":"Navbar","decl":{"start":{"line":13,"column":25},"end":{"line":118,"column":2}},"loc":{"start":{"line":13,"column":25},"end":{"line":118,"column":2}},"line":13},"1":{"name":"isActive","decl":{"start":{"line":23,"column":19},"end":{"line":23,"column":64}},"loc":{"start":{"line":23,"column":19},"end":{"line":23,"column":64}},"line":23}},"f":{"0":54,"1":216}}
,"/Users/yanis/Documents/cours/B3/MSPR/MSPR-TPRE-502/front/src/components/PasswordChange/PasswordChange.tsx": {"path":"/Users/yanis/Documents/cours/B3/MSPR/MSPR-TPRE-502/front/src/components/PasswordChange/PasswordChange.tsx","all":false,"statementMap":{"0":{"start":{"line":1,"column":0},"end":{"line":1,"column":33}},"1":{"start":{"line":2,"column":0},"end":{"line":2,"column":63}},"2":{"start":{"line":3,"column":0},"end":{"line":3,"column":54}},"4":{"start":{"line":5,"column":0},"end":{"line":5,"column":30}},"5":{"start":{"line":6,"column":0},"end":{"line":6,"column":37}},"6":{"start":{"line":7,"column":0},"end":{"line":7,"column":35}},"8":{"start":{"line":9,"column":0},"end":{"line":9,"column":44}},"9":{"start":{"line":10,"column":0},"end":{"line":10,"column":20}},"10":{"start":{"line":11,"column":0},"end":{"line":11,"column":20}},"11":{"start":{"line":12,"column":0},"end":{"line":12,"column":24}},"12":{"start":{"line":13,"column":0},"end":{"line":13,"column":5}},"14":{"start":{"line":15,"column":0},"end":{"line":15,"column":58}},"15":{"start":{"line":16,"column":0},"end":{"line":16,"column":62}},"16":{"start":{"line":17,"column":0},"end":{"line":17,"column":48}},"18":{"start":{"line":19,"column":0},"end":{"line":19,"column":68}},"19":{"start":{"line":20,"column":0},"end":{"line":20,"column":37}},"20":{"start":{"line":21,"column":0},"end":{"line":21,"column":28}},"21":{"start":{"line":22,"column":0},"end":{"line":22,"column":14}},"22":{"start":{"line":23,"column":0},"end":{"line":23,"column":20}},"23":{"start":{"line":24,"column":0},"end":{"line":24,"column":8}},"24":{"start":{"line":25,"column":0},"end":{"line":25,"column":4}},"26":{"start":{"line":27,"column":0},"end":{"line":27,"column":54}},"27":{"start":{"line":28,"column":0},"end":{"line":28,"column":23}},"28":{"start":{"line":29,"column":0},"end":{"line":29,"column":19}},"29":{"start":{"line":30,"column":0},"end":{"line":30,"column":21}},"31":{"start":{"line":32,"column":0},"end":{"line":32,"column":54}},"33":{"start":{"line":34,"column":0},"end":{"line":34,"column":49}},"34":{"start":{"line":35,"column":0},"end":{"line":35,"column":79}},"35":{"start":{"line":36,"column":0},"end":{"line":36,"column":13}},"36":{"start":{"line":37,"column":0},"end":{"line":37,"column":5}},"38":{"start":{"line":39,"column":0},"end":{"line":39,"column":42}},"39":{"start":{"line":40,"column":0},"end":{"line":40,"column":58}},"40":{"start":{"line":41,"column":0},"end":{"line":41,"column":13}},"41":{"start":{"line":42,"column":0},"end":{"line":42,"column":5}},"44":{"start":{"line":45,"column":0},"end":{"line":45,"column":21}},"45":{"start":{"line":46,"column":0},"end":{"line":46,"column":9}},"46":{"start":{"line":47,"column":0},"end":{"line":47,"column":30}},"47":{"start":{"line":48,"column":0},"end":{"line":48,"column":73}},"48":{"start":{"line":49,"column":0},"end":{"line":49,"column":9}},"49":{"start":{"line":50,"column":0},"end":{"line":50,"column":24}},"50":{"start":{"line":51,"column":0},"end":{"line":51,"column":20}},"51":{"start":{"line":52,"column":0},"end":{"line":52,"column":47}},"52":{"start":{"line":53,"column":0},"end":{"line":53,"column":44}},"53":{"start":{"line":54,"column":0},"end":{"line":54,"column":12}},"54":{"start":{"line":55,"column":0},"end":{"line":55,"column":32}},"55":{"start":{"line":56,"column":0},"end":{"line":56,"column":34}},"56":{"start":{"line":57,"column":0},"end":{"line":57,"column":46}},"57":{"start":{"line":58,"column":0},"end":{"line":58,"column":13}},"58":{"start":{"line":59,"column":0},"end":{"line":59,"column":9}},"59":{"start":{"line":60,"column":0},"end":{"line":60,"column":8}},"61":{"start":{"line":62,"column":0},"end":{"line":62,"column":79}},"63":{"start":{"line":64,"column":0},"end":{"line":64,"column":57}},"64":{"start":{"line":65,"column":0},"end":{"line":65,"column":77}},"65":{"start":{"line":66,"column":0},"end":{"line":66,"column":19}},"66":{"start":{"line":67,"column":0},"end":{"line":67,"column":69}},"67":{"start":{"line":68,"column":0},"end":{"line":68,"column":15}},"68":{"start":{"line":69,"column":0},"end":{"line":69,"column":24}},"69":{"start":{"line":70,"column":0},"end":{"line":70,"column":5}},"70":{"start":{"line":71,"column":0},"end":{"line":71,"column":4}},"72":{"start":{"line":73,"column":0},"end":{"line":73,"column":10}},"73":{"start":{"line":74,"column":0},"end":{"line":74,"column":37}},"74":{"start":{"line":75,"column":0},"end":{"line":75,"column":38}},"75":{"start":{"line":76,"column":0},"end":{"line":76,"column":36}},"76":{"start":{"line":77,"column":0},"end":{"line":77,"column":37}},"78":{"start":{"line":79,"column":0},"end":{"line":79,"column":16}},"79":{"start":{"line":80,"column":0},"end":{"line":80,"column":28}},"80":{"start":{"line":81,"column":0},"end":{"line":81,"column":27}},"81":{"start":{"line":82,"column":0},"end":{"line":82,"column":30}},"82":{"start":{"line":83,"column":0},"end":{"line":83,"column":40}},"83":{"start":{"line":84,"column":0},"end":{"line":84,"column":35}},"84":{"start":{"line":85,"column":0},"end":{"line":85,"column":20}},"85":{"start":{"line":86,"column":0},"end":{"line":86,"column":32}},"86":{"start":{"line":87,"column":0},"end":{"line":87,"column":12}},"87":{"start":{"line":88,"column":0},"end":{"line":88,"column":16}},"88":{"start":{"line":89,"column":0},"end":{"line":89,"column":37}},"90":{"start":{"line":91,"column":0},"end":{"line":91,"column":16}},"91":{"start":{"line":92,"column":0},"end":{"line":92,"column":28}},"92":{"start":{"line":93,"column":0},"end":{"line":93,"column":27}},"93":{"start":{"line":94,"column":0},"end":{"line":94,"column":30}},"94":{"start":{"line":95,"column":0},"end":{"line":95,"column":40}},"95":{"start":{"line":96,"column":0},"end":{"line":96,"column":35}},"96":{"start":{"line":97,"column":0},"end":{"line":97,"column":20}},"97":{"start":{"line":98,"column":0},"end":{"line":98,"column":32}},"98":{"start":{"line":99,"column":0},"end":{"line":99,"column":12}},"99":{"start":{"line":100,"column":0},"end":{"line":100,"column":16}},"100":{"start":{"line":101,"column":0},"end":{"line":101,"column":41}},"102":{"start":{"line":103,"column":0},"end":{"line":103,"column":16}},"103":{"start":{"line":104,"column":0},"end":{"line":104,"column":32}},"104":{"start":{"line":105,"column":0},"end":{"line":105,"column":27}},"105":{"start":{"line":106,"column":0},"end":{"line":106,"column":34}},"106":{"start":{"line":107,"column":0},"end":{"line":107,"column":44}},"107":{"start":{"line":108,"column":0},"end":{"line":108,"column":35}},"108":{"start":{"line":109,"column":0},"end":{"line":109,"column":20}},"109":{"start":{"line":110,"column":0},"end":{"line":110,"column":32}},"110":{"start":{"line":111,"column":0},"end":{"line":111,"column":12}},"111":{"start":{"line":112,"column":0},"end":{"line":112,"column":16}},"112":{"start":{"line":113,"column":0},"end":{"line":113,"column":92}},"113":{"start":{"line":114,"column":0},"end":{"line":114,"column":56}},"114":{"start":{"line":115,"column":0},"end":{"line":115,"column":17}},"115":{"start":{"line":116,"column":0},"end":{"line":116,"column":77}},"116":{"start":{"line":117,"column":0},"end":{"line":117,"column":83}},"117":{"start":{"line":118,"column":0},"end":{"line":118,"column":13}},"118":{"start":{"line":119,"column":0},"end":{"line":119,"column":10}},"120":{"start":{"line":121,"column":0},"end":{"line":121,"column":2}},"122":{"start":{"line":123,"column":0},"end":{"line":123,"column":30}}},"s":{"0":1,"1":1,"2":1,"4":1,"5":6,"6":6,"8":6,"9":6,"10":6,"11":6,"12":6,"14":6,"15":6,"16":6,"18":6,"19":0,"20":0,"21":0,"22":0,"23":0,"24":0,"26":6,"27":0,"28":0,"29":0,"31":0,"33":0,"34":0,"35":0,"36":0,"38":0,"39":0,"40":0,"41":0,"44":0,"45":0,"46":0,"47":0,"48":0,"49":0,"50":0,"51":0,"52":0,"53":0,"54":0,"55":0,"56":0,"57":0,"58":0,"59":0,"61":0,"63":0,"64":0,"65":0,"66":0,"67":0,"68":0,"69":0,"70":0,"72":6,"73":6,"74":6,"75":6,"76":6,"78":6,"79":6,"80":6,"81":6,"82":6,"83":6,"84":6,"85":6,"86":6,"87":6,"88":6,"90":6,"91":6,"92":6,"93":6,"94":6,"95":6,"96":6,"97":6,"98":6,"99":6,"100":6,"102":6,"103":6,"104":6,"105":6,"106":6,"107":6,"108":6,"109":6,"110":6,"111":6,"112":6,"113":6,"114":6,"115":6,"116":6,"117":6,"118":6,"120":6,"122":1},"branchMap":{"0":{"type":"branch","line":5,"loc":{"start":{"line":5,"column":23},"end":{"line":121,"column":2}},"locations":[{"start":{"line":5,"column":23},"end":{"line":121,"column":2}}]},"1":{"type":"branch","line":114,"loc":{"start":{"line":114,"column":11},"end":{"line":114,"column":40}},"locations":[{"start":{"line":114,"column":11},"end":{"line":114,"column":40}}]},"2":{"type":"branch","line":116,"loc":{"start":{"line":116,"column":9},"end":{"line":116,"column":77}},"locations":[{"start":{"line":116,"column":9},"end":{"line":116,"column":77}}]},"3":{"type":"branch","line":117,"loc":{"start":{"line":117,"column":9},"end":{"line":117,"column":83}},"locations":[{"start":{"line":117,"column":9},"end":{"line":117,"column":83}}]}},"b":{"0":[6],"1":[0],"2":[0],"3":[0]},"fnMap":{"0":{"name":"PasswordChange","decl":{"start":{"line":5,"column":23},"end":{"line":121,"column":2}},"loc":{"start":{"line":5,"column":23},"end":{"line":121,"column":2}},"line":5},"1":{"name":"handleChange","decl":{"start":{"line":19,"column":23},"end":{"line":25,"column":4}},"loc":{"start":{"line":19,"column":23},"end":{"line":25,"column":4}},"line":19},"2":{"name":"handleSubmit","decl":{"start":{"line":27,"column":23},"end":{"line":71,"column":4}},"loc":{"start":{"line":27,"column":23},"end":{"line":71,"column":4}},"line":27}},"f":{"0":6,"1":0,"2":0}}
,"/Users/yanis/Documents/cours/B3/MSPR/MSPR-TPRE-502/front/src/components/Predictions/Predictions.tsx": {"path":"/Users/yanis/Documents/cours/B3/MSPR/MSPR-TPRE-502/front/src/components/Predictions/Predictions.tsx","all":false,"statementMap":{"0":{"start":{"line":1,"column":0},"end":{"line":1,"column":40}},"1":{"start":{"line":2,"column":0},"end":{"line":2,"column":8}},"11":{"start":{"line":12,"column":0},"end":{"line":12,"column":97}},"12":{"start":{"line":13,"column":0},"end":{"line":13,"column":46}},"13":{"start":{"line":14,"column":0},"end":{"line":14,"column":55}},"14":{"start":{"line":15,"column":0},"end":{"line":15,"column":69}},"15":{"start":{"line":16,"column":0},"end":{"line":16,"column":52}},"16":{"start":{"line":17,"column":0},"end":{"line":17,"column":56}},"17":{"start":{"line":18,"column":0},"end":{"line":18,"column":60}},"18":{"start":{"line":19,"column":0},"end":{"line":19,"column":48}},"19":{"start":{"line":20,"column":0},"end":{"line":20,"column":57}},"20":{"start":{"line":21,"column":0},"end":{"line":21,"column":66}},"21":{"start":{"line":22,"column":0},"end":{"line":22,"column":72}},"22":{"start":{"line":23,"column":0},"end":{"line":23,"column":67}},"23":{"start":{"line":24,"column":0},"end":{"line":24,"column":38}},"25":{"start":{"line":26,"column":0},"end":{"line":26,"column":17}},"26":{"start":{"line":27,"column":0},"end":{"line":27,"column":16}},"27":{"start":{"line":28,"column":0},"end":{"line":28,"column":14}},"28":{"start":{"line":29,"column":0},"end":{"line":29,"column":15}},"29":{"start":{"line":30,"column":0},"end":{"line":30,"column":14}},"30":{"start":{"line":31,"column":0},"end":{"line":31,"column":8}},"31":{"start":{"line":32,"column":0},"end":{"line":32,"column":10}},"32":{"start":{"line":33,"column":0},"end":{"line":33,"column":8}},"33":{"start":{"line":34,"column":0},"end":{"line":34,"column":2}},"35":{"start":{"line":36,"column":0},"end":{"line":36,"column":37}},"36":{"start":{"line":37,"column":0},"end":{"line":37,"column":39}},"37":{"start":{"line":38,"column":0},"end":{"line":38,"column":115}},"38":{"start":{"line":39,"column":0},"end":{"line":39,"column":117}},"39":{"start":{"line":40,"column":0},"end":{"line":40,"column":57}},"40":{"start":{"line":41,"column":0},"end":{"line":41,"column":53}},"41":{"start":{"line":42,"column":0},"end":{"line":42,"column":78}},"43":{"start":{"line":44,"column":0},"end":{"line":44,"column":111}},"44":{"start":{"line":45,"column":0},"end":{"line":45,"column":109}},"45":{"start":{"line":46,"column":0},"end":{"line":46,"column":159}},"47":{"start":{"line":48,"column":0},"end":{"line":48,"column":82}},"48":{"start":{"line":49,"column":0},"end":{"line":49,"column":52}},"49":{"start":{"line":50,"column":0},"end":{"line":50,"column":54}},"50":{"start":{"line":51,"column":0},"end":{"line":51,"column":4}},"52":{"start":{"line":53,"column":0},"end":{"line":53,"column":10}},"53":{"start":{"line":54,"column":0},"end":{"line":54,"column":12}},"54":{"start":{"line":55,"column":0},"end":{"line":55,"column":56}},"56":{"start":{"line":57,"column":0},"end":{"line":57,"column":45}},"57":{"start":{"line":58,"column":0},"end":{"line":58,"column":83}},"58":{"start":{"line":59,"column":0},"end":{"line":59,"column":45}},"60":{"start":{"line":61,"column":0},"end":{"line":61,"column":12}},"61":{"start":{"line":62,"column":0},"end":{"line":62,"column":12}},"64":{"start":{"line":65,"column":0},"end":{"line":65,"column":26}},"65":{"start":{"line":66,"column":0},"end":{"line":66,"column":29}},"66":{"start":{"line":67,"column":0},"end":{"line":67,"column":25}},"67":{"start":{"line":68,"column":0},"end":{"line":68,"column":35}},"68":{"start":{"line":69,"column":0},"end":{"line":69,"column":31}},"69":{"start":{"line":70,"column":0},"end":{"line":70,"column":41}},"70":{"start":{"line":71,"column":0},"end":{"line":71,"column":47}},"71":{"start":{"line":72,"column":0},"end":{"line":72,"column":29}},"72":{"start":{"line":73,"column":0},"end":{"line":73,"column":29}},"73":{"start":{"line":74,"column":0},"end":{"line":74,"column":57}},"74":{"start":{"line":75,"column":0},"end":{"line":75,"column":8}},"77":{"start":{"line":78,"column":0},"end":{"line":78,"column":48}},"78":{"start":{"line":79,"column":0},"end":{"line":79,"column":45}},"79":{"start":{"line":80,"column":0},"end":{"line":80,"column":68}},"80":{"start":{"line":81,"column":0},"end":{"line":81,"column":78}},"81":{"start":{"line":82,"column":0},"end":{"line":82,"column":17}},"82":{"start":{"line":83,"column":0},"end":{"line":83,"column":90}},"83":{"start":{"line":84,"column":0},"end":{"line":84,"column":59}},"84":{"start":{"line":85,"column":0},"end":{"line":85,"column":72}},"85":{"start":{"line":86,"column":0},"end":{"line":86,"column":61}},"86":{"start":{"line":87,"column":0},"end":{"line":87,"column":74}},"87":{"start":{"line":88,"column":0},"end":{"line":88,"column":18}},"88":{"start":{"line":89,"column":0},"end":{"line":89,"column":18}},"89":{"start":{"line":90,"column":0},"end":{"line":90,"column":24}},"90":{"start":{"line":91,"column":0},"end":{"line":91,"column":15}},"94":{"start":{"line":95,"column":0},"end":{"line":95,"column":91}},"95":{"start":{"line":96,"column":0},"end":{"line":96,"column":53}},"96":{"start":{"line":97,"column":0},"end":{"line":97,"column":35}},"98":{"start":{"line":99,"column":0},"end":{"line":99,"column":35}},"99":{"start":{"line":100,"column":0},"end":{"line":100,"column":60}},"103":{"start":{"line":104,"column":0},"end":{"line":104,"column":46}},"104":{"start":{"line":105,"column":0},"end":{"line":105,"column":18}},"105":{"start":{"line":106,"column":0},"end":{"line":106,"column":26}},"106":{"start":{"line":107,"column":0},"end":{"line":107,"column":73}},"107":{"start":{"line":108,"column":0},"end":{"line":108,"column":56}},"108":{"start":{"line":109,"column":0},"end":{"line":109,"column":43}},"109":{"start":{"line":110,"column":0},"end":{"line":110,"column":66}},"110":{"start":{"line":111,"column":0},"end":{"line":111,"column":26}},"111":{"start":{"line":112,"column":0},"end":{"line":112,"column":28}},"112":{"start":{"line":113,"column":0},"end":{"line":113,"column":33}},"113":{"start":{"line":114,"column":0},"end":{"line":114,"column":76}},"114":{"start":{"line":115,"column":0},"end":{"line":115,"column":34}},"115":{"start":{"line":116,"column":0},"end":{"line":116,"column":27}},"116":{"start":{"line":117,"column":0},"end":{"line":117,"column":27}},"117":{"start":{"line":118,"column":0},"end":{"line":118,"column":33}},"118":{"start":{"line":119,"column":0},"end":{"line":119,"column":52}},"119":{"start":{"line":120,"column":0},"end":{"line":120,"column":54}},"120":{"start":{"line":121,"column":0},"end":{"line":121,"column":18}},"121":{"start":{"line":122,"column":0},"end":{"line":122,"column":28}},"122":{"start":{"line":123,"column":0},"end":{"line":123,"column":19}},"126":{"start":{"line":127,"column":0},"end":{"line":127,"column":29}},"127":{"start":{"line":128,"column":0},"end":{"line":128,"column":18}},"128":{"start":{"line":129,"column":0},"end":{"line":129,"column":26}},"129":{"start":{"line":130,"column":0},"end":{"line":130,"column":73}},"130":{"start":{"line":131,"column":0},"end":{"line":131,"column":61}},"131":{"start":{"line":132,"column":0},"end":{"line":132,"column":43}},"132":{"start":{"line":133,"column":0},"end":{"line":133,"column":75}},"133":{"start":{"line":134,"column":0},"end":{"line":134,"column":26}},"134":{"start":{"line":135,"column":0},"end":{"line":135,"column":28}},"135":{"start":{"line":136,"column":0},"end":{"line":136,"column":33}},"136":{"start":{"line":137,"column":0},"end":{"line":137,"column":81}},"137":{"start":{"line":138,"column":0},"end":{"line":138,"column":34}},"138":{"start":{"line":139,"column":0},"end":{"line":139,"column":27}},"139":{"start":{"line":140,"column":0},"end":{"line":140,"column":27}},"140":{"start":{"line":141,"column":0},"end":{"line":141,"column":36}},"141":{"start":{"line":142,"column":0},"end":{"line":142,"column":48}},"142":{"start":{"line":143,"column":0},"end":{"line":143,"column":54}},"143":{"start":{"line":144,"column":0},"end":{"line":144,"column":18}},"144":{"start":{"line":145,"column":0},"end":{"line":145,"column":28}},"145":{"start":{"line":146,"column":0},"end":{"line":146,"column":19}},"147":{"start":{"line":148,"column":0},"end":{"line":148,"column":14}},"151":{"start":{"line":152,"column":0},"end":{"line":152,"column":91}},"152":{"start":{"line":153,"column":0},"end":{"line":153,"column":97}},"153":{"start":{"line":154,"column":0},"end":{"line":154,"column":14}},"154":{"start":{"line":155,"column":0},"end":{"line":155,"column":52}},"155":{"start":{"line":156,"column":0},"end":{"line":156,"column":83}},"156":{"start":{"line":157,"column":0},"end":{"line":157,"column":84}},"157":{"start":{"line":158,"column":0},"end":{"line":158,"column":49}},"159":{"start":{"line":160,"column":0},"end":{"line":160,"column":16}},"160":{"start":{"line":161,"column":0},"end":{"line":161,"column":24}},"161":{"start":{"line":162,"column":0},"end":{"line":162,"column":15}},"163":{"start":{"line":164,"column":0},"end":{"line":164,"column":12}},"164":{"start":{"line":165,"column":0},"end":{"line":165,"column":13}},"166":{"start":{"line":167,"column":0},"end":{"line":167,"column":2}},"168":{"start":{"line":169,"column":0},"end":{"line":169,"column":27}}},"s":{"0":1,"1":1,"11":1,"12":1,"13":1,"14":1,"15":1,"16":1,"17":1,"18":1,"19":1,"20":1,"21":1,"22":1,"23":1,"25":1,"26":1,"27":1,"28":1,"29":1,"30":1,"31":1,"32":1,"33":1,"35":1,"36":4,"37":4,"38":4,"39":4,"40":4,"41":4,"43":4,"44":4,"45":4,"47":4,"48":0,"49":0,"50":0,"52":4,"53":4,"54":4,"56":4,"57":4,"58":4,"60":4,"61":4,"64":4,"65":4,"66":4,"67":4,"68":4,"69":4,"70":4,"71":4,"72":4,"73":4,"74":4,"77":4,"78":0,"79":0,"80":0,"81":0,"82":0,"83":0,"84":0,"85":0,"86":0,"87":0,"88":0,"89":0,"90":0,"94":4,"95":4,"96":0,"98":0,"99":0,"103":0,"104":0,"105":0,"106":0,"107":0,"108":0,"109":0,"110":0,"111":0,"112":0,"113":0,"114":0,"115":0,"116":0,"117":0,"118":0,"119":0,"120":0,"121":0,"122":0,"126":0,"127":0,"128":0,"129":0,"130":0,"131":0,"132":0,"133":0,"134":0,"135":0,"136":0,"137":0,"138":0,"139":0,"140":0,"141":0,"142":0,"143":0,"144":0,"145":0,"147":0,"151":4,"152":4,"153":0,"154":0,"155":0,"156":0,"157":0,"159":0,"160":0,"161":0,"163":4,"164":4,"166":4,"168":1},"branchMap":{"0":{"type":"branch","line":36,"loc":{"start":{"line":36,"column":30},"end":{"line":167,"column":2}},"locations":[{"start":{"line":36,"column":30},"end":{"line":167,"column":2}}]},"1":{"type":"branch","line":44,"loc":{"start":{"line":44,"column":30},"end":{"line":44,"column":108}},"locations":[{"start":{"line":44,"column":30},"end":{"line":44,"column":108}}]},"2":{"type":"branch","line":45,"loc":{"start":{"line":45,"column":30},"end":{"line":45,"column":104}},"locations":[{"start":{"line":45,"column":30},"end":{"line":45,"column":104}}]},"3":{"type":"branch","line":46,"loc":{"start":{"line":46,"column":32},"end":{"line":46,"column":156}},"locations":[{"start":{"line":46,"column":32},"end":{"line":46,"column":156}}]},"4":{"type":"branch","line":78,"loc":{"start":{"line":78,"column":28},"end":{"line":91,"column":15}},"locations":[{"start":{"line":78,"column":28},"end":{"line":91,"column":15}}]},"5":{"type":"branch","line":96,"loc":{"start":{"line":96,"column":34},"end":{"line":148,"column":14}},"locations":[{"start":{"line":96,"column":34},"end":{"line":148,"column":14}}]},"6":{"type":"branch","line":153,"loc":{"start":{"line":153,"column":53},"end":{"line":153,"column":77}},"locations":[{"start":{"line":153,"column":53},"end":{"line":153,"column":77}}]},"7":{"type":"branch","line":153,"loc":{"start":{"line":153,"column":66},"end":{"line":153,"column":97}},"locations":[{"start":{"line":153,"column":66},"end":{"line":153,"column":97}}]},"8":{"type":"branch","line":153,"loc":{"start":{"line":153,"column":77},"end":{"line":162,"column":15}},"locations":[{"start":{"line":153,"column":77},"end":{"line":162,"column":15}}]}},"b":{"0":[4],"1":[0],"2":[0],"3":[0],"4":[0],"5":[0],"6":[0],"7":[0],"8":[0]},"fnMap":{"0":{"name":"Predictions","decl":{"start":{"line":36,"column":30},"end":{"line":167,"column":2}},"loc":{"start":{"line":36,"column":30},"end":{"line":167,"column":2}},"line":36},"1":{"name":"handleFetch","decl":{"start":{"line":48,"column":22},"end":{"line":51,"column":4}},"loc":{"start":{"line":48,"column":22},"end":{"line":51,"column":4}},"line":48}},"f":{"0":4,"1":0}}
,"/Users/yanis/Documents/cours/B3/MSPR/MSPR-TPRE-502/front/src/components/Predictions/components/CountrySummary.tsx": {"path":"/Users/yanis/Documents/cours/B3/MSPR/MSPR-TPRE-502/front/src/components/Predictions/components/CountrySummary.tsx","all":false,"statementMap":{"0":{"start":{"line":1,"column":0},"end":{"line":1,"column":26}},"1":{"start":{"line":2,"column":0},"end":{"line":2,"column":80}},"2":{"start":{"line":3,"column":0},"end":{"line":3,"column":46}},"3":{"start":{"line":4,"column":0},"end":{"line":4,"column":54}},"4":{"start":{"line":5,"column":0},"end":{"line":5,"column":70}},"5":{"start":{"line":6,"column":0},"end":{"line":6,"column":64}},"6":{"start":{"line":7,"column":0},"end":{"line":7,"column":72}},"7":{"start":{"line":8,"column":0},"end":{"line":8,"column":49}},"14":{"start":{"line":15,"column":0},"end":{"line":15,"column":72}},"15":{"start":{"line":16,"column":0},"end":{"line":16,"column":53}},"16":{"start":{"line":17,"column":0},"end":{"line":17,"column":27}},"17":{"start":{"line":18,"column":0},"end":{"line":18,"column":62}},"18":{"start":{"line":19,"column":0},"end":{"line":19,"column":4}},"20":{"start":{"line":21,"column":0},"end":{"line":21,"column":55}},"21":{"start":{"line":22,"column":0},"end":{"line":22,"column":27}},"22":{"start":{"line":23,"column":0},"end":{"line":23,"column":43}},"23":{"start":{"line":24,"column":0},"end":{"line":24,"column":24}},"24":{"start":{"line":25,"column":0},"end":{"line":25,"column":22}},"25":{"start":{"line":26,"column":0},"end":{"line":26,"column":26}},"26":{"start":{"line":27,"column":0},"end":{"line":27,"column":31}},"27":{"start":{"line":28,"column":0},"end":{"line":28,"column":27}},"28":{"start":{"line":29,"column":0},"end":{"line":29,"column":4}},"30":{"start":{"line":31,"column":0},"end":{"line":31,"column":59}},"31":{"start":{"line":32,"column":0},"end":{"line":32,"column":29}},"32":{"start":{"line":33,"column":0},"end":{"line":33,"column":36}},"33":{"start":{"line":34,"column":0},"end":{"line":34,"column":4}},"35":{"start":{"line":36,"column":0},"end":{"line":36,"column":59}},"36":{"start":{"line":37,"column":0},"end":{"line":37,"column":101}},"38":{"start":{"line":39,"column":0},"end":{"line":39,"column":10}},"39":{"start":{"line":40,"column":0},"end":{"line":40,"column":29}},"40":{"start":{"line":41,"column":0},"end":{"line":41,"column":18}},"41":{"start":{"line":42,"column":0},"end":{"line":42,"column":59}},"42":{"start":{"line":43,"column":0},"end":{"line":43,"column":61}},"43":{"start":{"line":44,"column":0},"end":{"line":44,"column":55}},"44":{"start":{"line":45,"column":0},"end":{"line":45,"column":17}},"45":{"start":{"line":46,"column":0},"end":{"line":46,"column":70}},"46":{"start":{"line":47,"column":0},"end":{"line":47,"column":59}},"47":{"start":{"line":48,"column":0},"end":{"line":48,"column":44}},"48":{"start":{"line":49,"column":0},"end":{"line":49,"column":18}},"49":{"start":{"line":50,"column":0},"end":{"line":50,"column":18}},"50":{"start":{"line":51,"column":0},"end":{"line":51,"column":22}},"51":{"start":{"line":52,"column":0},"end":{"line":52,"column":75}},"52":{"start":{"line":53,"column":0},"end":{"line":53,"column":41}},"53":{"start":{"line":54,"column":0},"end":{"line":54,"column":29}},"54":{"start":{"line":55,"column":0},"end":{"line":55,"column":18}},"55":{"start":{"line":56,"column":0},"end":{"line":56,"column":14}},"56":{"start":{"line":57,"column":0},"end":{"line":57,"column":19}},"58":{"start":{"line":59,"column":0},"end":{"line":59,"column":19}},"60":{"start":{"line":61,"column":0},"end":{"line":61,"column":36}},"61":{"start":{"line":62,"column":0},"end":{"line":62,"column":78}},"63":{"start":{"line":64,"column":0},"end":{"line":64,"column":101}},"64":{"start":{"line":65,"column":0},"end":{"line":65,"column":78}},"65":{"start":{"line":66,"column":0},"end":{"line":66,"column":76}},"66":{"start":{"line":67,"column":0},"end":{"line":67,"column":18}},"67":{"start":{"line":68,"column":0},"end":{"line":68,"column":17}},"68":{"start":{"line":69,"column":0},"end":{"line":69,"column":85}},"69":{"start":{"line":70,"column":0},"end":{"line":70,"column":80}},"70":{"start":{"line":71,"column":0},"end":{"line":71,"column":50}},"71":{"start":{"line":72,"column":0},"end":{"line":72,"column":18}},"72":{"start":{"line":73,"column":0},"end":{"line":73,"column":18}},"73":{"start":{"line":74,"column":0},"end":{"line":74,"column":16}},"76":{"start":{"line":77,"column":0},"end":{"line":77,"column":103}},"77":{"start":{"line":78,"column":0},"end":{"line":78,"column":80}},"78":{"start":{"line":79,"column":0},"end":{"line":79,"column":83}},"79":{"start":{"line":80,"column":0},"end":{"line":80,"column":18}},"80":{"start":{"line":81,"column":0},"end":{"line":81,"column":17}},"81":{"start":{"line":82,"column":0},"end":{"line":82,"column":78}},"82":{"start":{"line":83,"column":0},"end":{"line":83,"column":82}},"83":{"start":{"line":84,"column":0},"end":{"line":84,"column":45}},"84":{"start":{"line":85,"column":0},"end":{"line":85,"column":18}},"85":{"start":{"line":86,"column":0},"end":{"line":86,"column":18}},"86":{"start":{"line":87,"column":0},"end":{"line":87,"column":16}},"89":{"start":{"line":90,"column":0},"end":{"line":90,"column":105}},"90":{"start":{"line":91,"column":0},"end":{"line":91,"column":82}},"91":{"start":{"line":92,"column":0},"end":{"line":92,"column":81}},"92":{"start":{"line":93,"column":0},"end":{"line":93,"column":18}},"93":{"start":{"line":94,"column":0},"end":{"line":94,"column":17}},"94":{"start":{"line":95,"column":0},"end":{"line":95,"column":83}},"95":{"start":{"line":96,"column":0},"end":{"line":96,"column":84}},"96":{"start":{"line":97,"column":0},"end":{"line":97,"column":53}},"97":{"start":{"line":98,"column":0},"end":{"line":98,"column":18}},"98":{"start":{"line":99,"column":0},"end":{"line":99,"column":18}},"99":{"start":{"line":100,"column":0},"end":{"line":100,"column":16}},"102":{"start":{"line":103,"column":0},"end":{"line":103,"column":105}},"103":{"start":{"line":104,"column":0},"end":{"line":104,"column":82}},"104":{"start":{"line":105,"column":0},"end":{"line":105,"column":81}},"105":{"start":{"line":106,"column":0},"end":{"line":106,"column":18}},"106":{"start":{"line":107,"column":0},"end":{"line":107,"column":17}},"107":{"start":{"line":108,"column":0},"end":{"line":108,"column":84}},"108":{"start":{"line":109,"column":0},"end":{"line":109,"column":84}},"109":{"start":{"line":110,"column":0},"end":{"line":110,"column":54}},"110":{"start":{"line":111,"column":0},"end":{"line":111,"column":18}},"111":{"start":{"line":112,"column":0},"end":{"line":112,"column":18}},"112":{"start":{"line":113,"column":0},"end":{"line":113,"column":16}},"113":{"start":{"line":114,"column":0},"end":{"line":114,"column":14}},"116":{"start":{"line":117,"column":0},"end":{"line":117,"column":57}},"117":{"start":{"line":118,"column":0},"end":{"line":118,"column":60}},"118":{"start":{"line":119,"column":0},"end":{"line":119,"column":62}},"119":{"start":{"line":120,"column":0},"end":{"line":120,"column":73}},"120":{"start":{"line":121,"column":0},"end":{"line":121,"column":16}},"121":{"start":{"line":122,"column":0},"end":{"line":122,"column":73}},"122":{"start":{"line":123,"column":0},"end":{"line":123,"column":17}},"123":{"start":{"line":124,"column":0},"end":{"line":124,"column":68}},"124":{"start":{"line":125,"column":0},"end":{"line":125,"column":54}},"125":{"start":{"line":126,"column":0},"end":{"line":126,"column":152}},"126":{"start":{"line":127,"column":0},"end":{"line":127,"column":21}},"127":{"start":{"line":128,"column":0},"end":{"line":128,"column":18}},"128":{"start":{"line":129,"column":0},"end":{"line":129,"column":17}},"129":{"start":{"line":130,"column":0},"end":{"line":130,"column":65}},"130":{"start":{"line":131,"column":0},"end":{"line":131,"column":58}},"131":{"start":{"line":132,"column":0},"end":{"line":132,"column":34}},"132":{"start":{"line":133,"column":0},"end":{"line":133,"column":22}},"133":{"start":{"line":134,"column":0},"end":{"line":134,"column":18}},"134":{"start":{"line":135,"column":0},"end":{"line":135,"column":16}},"135":{"start":{"line":136,"column":0},"end":{"line":136,"column":14}},"136":{"start":{"line":137,"column":0},"end":{"line":137,"column":20}},"137":{"start":{"line":138,"column":0},"end":{"line":138,"column":11}},"139":{"start":{"line":140,"column":0},"end":{"line":140,"column":2}},"141":{"start":{"line":142,"column":0},"end":{"line":142,"column":30}}},"s":{"0":1,"1":1,"2":1,"3":1,"4":1,"5":1,"6":1,"7":1,"14":1,"15":7,"16":7,"17":7,"18":7,"20":7,"21":7,"22":7,"23":7,"24":7,"25":7,"26":7,"27":7,"28":7,"30":7,"31":14,"32":14,"33":14,"35":7,"36":7,"38":7,"39":7,"40":7,"41":7,"42":7,"43":7,"44":7,"45":7,"46":7,"47":7,"48":7,"49":7,"50":7,"51":7,"52":7,"53":7,"54":7,"55":7,"56":7,"58":7,"60":7,"61":7,"63":7,"64":7,"65":7,"66":7,"67":7,"68":7,"69":7,"70":7,"71":7,"72":7,"73":7,"76":7,"77":7,"78":7,"79":7,"80":7,"81":7,"82":7,"83":7,"84":7,"85":7,"86":7,"89":7,"90":7,"91":7,"92":7,"93":7,"94":7,"95":7,"96":7,"97":7,"98":7,"99":7,"102":7,"103":7,"104":7,"105":7,"106":7,"107":7,"108":7,"109":7,"110":7,"111":7,"112":7,"113":7,"116":7,"117":7,"118":7,"119":7,"120":7,"121":7,"122":7,"123":7,"124":7,"125":7,"126":7,"127":7,"128":7,"129":7,"130":7,"131":7,"132":7,"133":7,"134":7,"135":7,"136":7,"137":7,"139":7,"141":1},"branchMap":{"0":{"type":"branch","line":15,"loc":{"start":{"line":15,"column":54},"end":{"line":140,"column":2}},"locations":[{"start":{"line":15,"column":54},"end":{"line":140,"column":2}}]},"1":{"type":"branch","line":37,"loc":{"start":{"line":37,"column":82},"end":{"line":37,"column":99}},"locations":[{"start":{"line":37,"column":82},"end":{"line":37,"column":99}}]},"2":{"type":"branch","line":126,"loc":{"start":{"line":126,"column":70},"end":{"line":126,"column":80}},"locations":[{"start":{"line":126,"column":70},"end":{"line":126,"column":80}}]},"3":{"type":"branch","line":126,"loc":{"start":{"line":126,"column":140},"end":{"line":126,"column":150}},"locations":[{"start":{"line":126,"column":140},"end":{"line":126,"column":150}}]},"4":{"type":"branch","line":16,"loc":{"start":{"line":16,"column":23},"end":{"line":19,"column":4}},"locations":[{"start":{"line":16,"column":23},"end":{"line":19,"column":4}}]},"5":{"type":"branch","line":17,"loc":{"start":{"line":17,"column":14},"end":{"line":17,"column":27}},"locations":[{"start":{"line":17,"column":14},"end":{"line":17,"column":27}}]},"6":{"type":"branch","line":21,"loc":{"start":{"line":21,"column":25},"end":{"line":29,"column":4}},"locations":[{"start":{"line":21,"column":25},"end":{"line":29,"column":4}}]},"7":{"type":"branch","line":22,"loc":{"start":{"line":22,"column":14},"end":{"line":22,"column":27}},"locations":[{"start":{"line":22,"column":14},"end":{"line":22,"column":27}}]},"8":{"type":"branch","line":31,"loc":{"start":{"line":31,"column":27},"end":{"line":34,"column":4}},"locations":[{"start":{"line":31,"column":27},"end":{"line":34,"column":4}}]},"9":{"type":"branch","line":32,"loc":{"start":{"line":32,"column":16},"end":{"line":32,"column":29}},"locations":[{"start":{"line":32,"column":16},"end":{"line":32,"column":29}}]}},"b":{"0":[7],"1":[0],"2":[0],"3":[0],"4":[7],"5":[0],"6":[7],"7":[0],"8":[14],"9":[0]},"fnMap":{"0":{"name":"CountrySummary","decl":{"start":{"line":15,"column":54},"end":{"line":140,"column":2}},"loc":{"start":{"line":15,"column":54},"end":{"line":140,"column":2}},"line":15},"1":{"name":"formatNumber","decl":{"start":{"line":16,"column":23},"end":{"line":19,"column":4}},"loc":{"start":{"line":16,"column":23},"end":{"line":19,"column":4}},"line":16},"2":{"name":"formatCurrency","decl":{"start":{"line":21,"column":25},"end":{"line":29,"column":4}},"loc":{"start":{"line":21,"column":25},"end":{"line":29,"column":4}},"line":21},"3":{"name":"formatCoordinate","decl":{"start":{"line":31,"column":27},"end":{"line":34,"column":4}},"loc":{"start":{"line":31,"column":27},"end":{"line":34,"column":4}},"line":31}},"f":{"0":7,"1":7,"2":7,"3":14}}
,"/Users/yanis/Documents/cours/B3/MSPR/MSPR-TPRE-502/front/src/components/Predictions/components/PredictionsControls.tsx": {"path":"/Users/yanis/Documents/cours/B3/MSPR/MSPR-TPRE-502/front/src/components/Predictions/components/PredictionsControls.tsx","all":false,"statementMap":{"0":{"start":{"line":1,"column":0},"end":{"line":1,"column":26}},"1":{"start":{"line":2,"column":0},"end":{"line":2,"column":43}},"2":{"start":{"line":3,"column":0},"end":{"line":3,"column":37}},"3":{"start":{"line":4,"column":0},"end":{"line":4,"column":64}},"5":{"start":{"line":6,"column":0},"end":{"line":6,"column":72}},"6":{"start":{"line":7,"column":0},"end":{"line":7,"column":49}},"7":{"start":{"line":8,"column":0},"end":{"line":8,"column":48}},"8":{"start":{"line":9,"column":0},"end":{"line":9,"column":46}},"9":{"start":{"line":10,"column":0},"end":{"line":10,"column":103}},"10":{"start":{"line":11,"column":0},"end":{"line":11,"column":52}},"11":{"start":{"line":12,"column":0},"end":{"line":12,"column":82}},"12":{"start":{"line":13,"column":0},"end":{"line":13,"column":97}},"13":{"start":{"line":14,"column":0},"end":{"line":14,"column":33}},"27":{"start":{"line":28,"column":0},"end":{"line":28,"column":66}},"28":{"start":{"line":29,"column":0},"end":{"line":29,"column":12}},"29":{"start":{"line":30,"column":0},"end":{"line":30,"column":10}},"30":{"start":{"line":31,"column":0},"end":{"line":31,"column":15}},"31":{"start":{"line":32,"column":0},"end":{"line":32,"column":13}},"32":{"start":{"line":33,"column":0},"end":{"line":33,"column":18}},"33":{"start":{"line":34,"column":0},"end":{"line":34,"column":21}},"34":{"start":{"line":35,"column":0},"end":{"line":35,"column":12}},"35":{"start":{"line":36,"column":0},"end":{"line":36,"column":10}},"36":{"start":{"line":37,"column":0},"end":{"line":37,"column":10}},"37":{"start":{"line":38,"column":0},"end":{"line":38,"column":7}},"38":{"start":{"line":39,"column":0},"end":{"line":39,"column":61}},"39":{"start":{"line":40,"column":0},"end":{"line":40,"column":15}},"40":{"start":{"line":41,"column":0},"end":{"line":41,"column":47}},"41":{"start":{"line":42,"column":0},"end":{"line":42,"column":5}},"42":{"start":{"line":43,"column":0},"end":{"line":43,"column":4}},"44":{"start":{"line":45,"column":0},"end":{"line":45,"column":59}},"45":{"start":{"line":46,"column":0},"end":{"line":46,"column":15}},"46":{"start":{"line":47,"column":0},"end":{"line":47,"column":45}},"47":{"start":{"line":48,"column":0},"end":{"line":48,"column":5}},"48":{"start":{"line":49,"column":0},"end":{"line":49,"column":4}},"50":{"start":{"line":51,"column":0},"end":{"line":51,"column":46}},"51":{"start":{"line":52,"column":0},"end":{"line":52,"column":68}},"52":{"start":{"line":53,"column":0},"end":{"line":53,"column":78}},"54":{"start":{"line":55,"column":0},"end":{"line":55,"column":10}},"55":{"start":{"line":56,"column":0},"end":{"line":56,"column":29}},"56":{"start":{"line":57,"column":0},"end":{"line":57,"column":35}},"57":{"start":{"line":58,"column":0},"end":{"line":58,"column":63}},"58":{"start":{"line":59,"column":0},"end":{"line":59,"column":46}},"60":{"start":{"line":61,"column":0},"end":{"line":61,"column":20}},"61":{"start":{"line":62,"column":0},"end":{"line":62,"column":25}},"63":{"start":{"line":64,"column":0},"end":{"line":64,"column":26}},"64":{"start":{"line":65,"column":0},"end":{"line":65,"column":19}},"65":{"start":{"line":66,"column":0},"end":{"line":66,"column":41}},"67":{"start":{"line":68,"column":0},"end":{"line":68,"column":63}},"68":{"start":{"line":69,"column":0},"end":{"line":69,"column":37}},"69":{"start":{"line":70,"column":0},"end":{"line":70,"column":96}},"70":{"start":{"line":71,"column":0},"end":{"line":71,"column":63}},"72":{"start":{"line":73,"column":0},"end":{"line":73,"column":20}},"73":{"start":{"line":74,"column":0},"end":{"line":74,"column":21}},"74":{"start":{"line":75,"column":0},"end":{"line":75,"column":38}},"75":{"start":{"line":76,"column":0},"end":{"line":76,"column":23}},"76":{"start":{"line":77,"column":0},"end":{"line":77,"column":35}},"77":{"start":{"line":78,"column":0},"end":{"line":78,"column":32}},"78":{"start":{"line":79,"column":0},"end":{"line":79,"column":142}},"79":{"start":{"line":80,"column":0},"end":{"line":80,"column":58}},"80":{"start":{"line":81,"column":0},"end":{"line":81,"column":63}},"81":{"start":{"line":82,"column":0},"end":{"line":82,"column":20}},"82":{"start":{"line":83,"column":0},"end":{"line":83,"column":37}},"84":{"start":{"line":85,"column":0},"end":{"line":85,"column":68}},"85":{"start":{"line":86,"column":0},"end":{"line":86,"column":32}},"86":{"start":{"line":87,"column":0},"end":{"line":87,"column":77}},"88":{"start":{"line":89,"column":0},"end":{"line":89,"column":96}},"90":{"start":{"line":91,"column":0},"end":{"line":91,"column":25}},"91":{"start":{"line":92,"column":0},"end":{"line":92,"column":31}},"92":{"start":{"line":93,"column":0},"end":{"line":93,"column":86}},"93":{"start":{"line":94,"column":0},"end":{"line":94,"column":25}},"94":{"start":{"line":95,"column":0},"end":{"line":95,"column":31}},"95":{"start":{"line":96,"column":0},"end":{"line":96,"column":72}},"96":{"start":{"line":97,"column":0},"end":{"line":97,"column":50}},"97":{"start":{"line":98,"column":0},"end":{"line":98,"column":30}},"98":{"start":{"line":99,"column":0},"end":{"line":99,"column":29}},"99":{"start":{"line":100,"column":0},"end":{"line":100,"column":53}},"100":{"start":{"line":101,"column":0},"end":{"line":101,"column":18}},"101":{"start":{"line":102,"column":0},"end":{"line":102,"column":31}},"102":{"start":{"line":103,"column":0},"end":{"line":103,"column":22}},"103":{"start":{"line":104,"column":0},"end":{"line":104,"column":57}},"104":{"start":{"line":105,"column":0},"end":{"line":105,"column":76}},"105":{"start":{"line":106,"column":0},"end":{"line":106,"column":16}},"106":{"start":{"line":107,"column":0},"end":{"line":107,"column":16}},"108":{"start":{"line":109,"column":0},"end":{"line":109,"column":37}},"109":{"start":{"line":110,"column":0},"end":{"line":110,"column":94}},"110":{"start":{"line":111,"column":0},"end":{"line":111,"column":63}},"112":{"start":{"line":113,"column":0},"end":{"line":113,"column":20}},"113":{"start":{"line":114,"column":0},"end":{"line":114,"column":21}},"114":{"start":{"line":115,"column":0},"end":{"line":115,"column":38}},"115":{"start":{"line":116,"column":0},"end":{"line":116,"column":23}},"116":{"start":{"line":117,"column":0},"end":{"line":117,"column":35}},"117":{"start":{"line":118,"column":0},"end":{"line":118,"column":32}},"118":{"start":{"line":119,"column":0},"end":{"line":119,"column":97}},"119":{"start":{"line":120,"column":0},"end":{"line":120,"column":56}},"120":{"start":{"line":121,"column":0},"end":{"line":121,"column":31}},"121":{"start":{"line":122,"column":0},"end":{"line":122,"column":56}},"122":{"start":{"line":123,"column":0},"end":{"line":123,"column":71}},"123":{"start":{"line":124,"column":0},"end":{"line":124,"column":63}},"124":{"start":{"line":125,"column":0},"end":{"line":125,"column":20}},"125":{"start":{"line":126,"column":0},"end":{"line":126,"column":51}},"127":{"start":{"line":128,"column":0},"end":{"line":128,"column":68}},"128":{"start":{"line":129,"column":0},"end":{"line":129,"column":30}},"129":{"start":{"line":130,"column":0},"end":{"line":130,"column":75}},"131":{"start":{"line":132,"column":0},"end":{"line":132,"column":94}},"133":{"start":{"line":134,"column":0},"end":{"line":134,"column":25}},"134":{"start":{"line":135,"column":0},"end":{"line":135,"column":31}},"135":{"start":{"line":136,"column":0},"end":{"line":136,"column":86}},"136":{"start":{"line":137,"column":0},"end":{"line":137,"column":25}},"137":{"start":{"line":138,"column":0},"end":{"line":138,"column":31}},"138":{"start":{"line":139,"column":0},"end":{"line":139,"column":68}},"139":{"start":{"line":140,"column":0},"end":{"line":140,"column":48}},"140":{"start":{"line":141,"column":0},"end":{"line":141,"column":39}},"141":{"start":{"line":142,"column":0},"end":{"line":142,"column":69}},"142":{"start":{"line":143,"column":0},"end":{"line":143,"column":69}},"143":{"start":{"line":144,"column":0},"end":{"line":144,"column":33}},"144":{"start":{"line":145,"column":0},"end":{"line":145,"column":20}},"145":{"start":{"line":146,"column":0},"end":{"line":146,"column":30}},"146":{"start":{"line":147,"column":0},"end":{"line":147,"column":29}},"147":{"start":{"line":148,"column":0},"end":{"line":148,"column":53}},"148":{"start":{"line":149,"column":0},"end":{"line":149,"column":18}},"149":{"start":{"line":150,"column":0},"end":{"line":150,"column":31}},"150":{"start":{"line":151,"column":0},"end":{"line":151,"column":22}},"151":{"start":{"line":152,"column":0},"end":{"line":152,"column":57}},"152":{"start":{"line":153,"column":0},"end":{"line":153,"column":28}},"153":{"start":{"line":154,"column":0},"end":{"line":154,"column":113}},"155":{"start":{"line":156,"column":0},"end":{"line":156,"column":66}},"157":{"start":{"line":158,"column":0},"end":{"line":158,"column":16}},"158":{"start":{"line":159,"column":0},"end":{"line":159,"column":16}},"159":{"start":{"line":160,"column":0},"end":{"line":160,"column":14}},"162":{"start":{"line":163,"column":0},"end":{"line":163,"column":35}},"163":{"start":{"line":164,"column":0},"end":{"line":164,"column":98}},"164":{"start":{"line":165,"column":0},"end":{"line":165,"column":42}},"166":{"start":{"line":167,"column":0},"end":{"line":167,"column":18}},"167":{"start":{"line":168,"column":0},"end":{"line":168,"column":17}},"168":{"start":{"line":169,"column":0},"end":{"line":169,"column":53}},"169":{"start":{"line":170,"column":0},"end":{"line":170,"column":72}},"170":{"start":{"line":171,"column":0},"end":{"line":171,"column":31}},"172":{"start":{"line":173,"column":0},"end":{"line":173,"column":46}},"173":{"start":{"line":174,"column":0},"end":{"line":174,"column":64}},"174":{"start":{"line":175,"column":0},"end":{"line":175,"column":28}},"175":{"start":{"line":176,"column":0},"end":{"line":176,"column":64}},"176":{"start":{"line":177,"column":0},"end":{"line":177,"column":41}},"177":{"start":{"line":178,"column":0},"end":{"line":178,"column":91}},"178":{"start":{"line":179,"column":0},"end":{"line":179,"column":95}},"179":{"start":{"line":180,"column":0},"end":{"line":180,"column":29}},"180":{"start":{"line":181,"column":0},"end":{"line":181,"column":17}},"181":{"start":{"line":182,"column":0},"end":{"line":182,"column":28}},"182":{"start":{"line":183,"column":0},"end":{"line":183,"column":19}},"183":{"start":{"line":184,"column":0},"end":{"line":184,"column":14}},"186":{"start":{"line":187,"column":0},"end":{"line":187,"column":30}},"187":{"start":{"line":188,"column":0},"end":{"line":188,"column":17}},"188":{"start":{"line":189,"column":0},"end":{"line":189,"column":91}},"189":{"start":{"line":190,"column":0},"end":{"line":190,"column":77}},"190":{"start":{"line":191,"column":0},"end":{"line":191,"column":30}},"191":{"start":{"line":192,"column":0},"end":{"line":192,"column":21}},"193":{"start":{"line":194,"column":0},"end":{"line":194,"column":25}},"194":{"start":{"line":195,"column":0},"end":{"line":195,"column":16}},"195":{"start":{"line":196,"column":0},"end":{"line":196,"column":119}},"197":{"start":{"line":198,"column":0},"end":{"line":198,"column":17}},"199":{"start":{"line":200,"column":0},"end":{"line":200,"column":16}},"200":{"start":{"line":201,"column":0},"end":{"line":201,"column":57}},"202":{"start":{"line":203,"column":0},"end":{"line":203,"column":17}},"204":{"start":{"line":205,"column":0},"end":{"line":205,"column":19}},"205":{"start":{"line":206,"column":0},"end":{"line":206,"column":14}},"206":{"start":{"line":207,"column":0},"end":{"line":207,"column":20}},"207":{"start":{"line":208,"column":0},"end":{"line":208,"column":11}},"209":{"start":{"line":210,"column":0},"end":{"line":210,"column":2}},"211":{"start":{"line":212,"column":0},"end":{"line":212,"column":35}}},"s":{"0":1,"1":1,"2":1,"3":1,"5":1,"6":1,"7":1,"8":1,"9":1,"10":1,"11":1,"12":1,"13":1,"27":1,"28":15,"29":15,"30":15,"31":15,"32":15,"33":15,"34":15,"35":15,"36":15,"37":15,"38":15,"39":0,"40":0,"41":0,"42":0,"44":15,"45":0,"46":0,"47":0,"48":0,"50":15,"51":15,"52":15,"54":15,"55":15,"56":15,"57":15,"58":15,"60":15,"61":15,"63":15,"64":15,"65":15,"67":15,"68":15,"69":15,"70":15,"72":15,"73":15,"74":15,"75":15,"76":15,"77":15,"78":15,"79":15,"80":15,"81":15,"82":15,"84":15,"85":15,"86":3,"88":12,"90":15,"91":15,"92":15,"93":15,"94":15,"95":15,"96":15,"97":15,"98":15,"99":15,"100":15,"101":15,"102":15,"103":15,"104":15,"105":15,"106":15,"108":15,"109":15,"110":15,"112":15,"113":15,"114":15,"115":15,"116":15,"117":15,"118":15,"119":15,"120":15,"121":12,"122":3,"123":15,"124":15,"125":15,"127":15,"128":15,"129":2,"131":13,"133":15,"134":15,"135":15,"136":15,"137":15,"138":15,"139":15,"140":15,"141":0,"142":0,"143":0,"144":0,"145":15,"146":15,"147":15,"148":15,"149":15,"150":15,"151":15,"152":15,"153":3,"155":12,"157":15,"158":15,"159":15,"162":15,"163":15,"164":15,"166":15,"167":15,"168":15,"169":15,"170":15,"172":15,"173":15,"174":15,"175":15,"176":15,"177":26,"178":26,"179":26,"180":15,"181":15,"182":15,"183":15,"186":15,"187":15,"188":15,"189":15,"190":15,"191":15,"193":15,"194":1,"195":1,"197":1,"199":14,"200":14,"202":14,"204":15,"205":15,"206":15,"207":15,"209":15,"211":1},"branchMap":{"0":{"type":"branch","line":28,"loc":{"start":{"line":28,"column":64},"end":{"line":210,"column":2}},"locations":[{"start":{"line":28,"column":64},"end":{"line":210,"column":2}}]},"1":{"type":"branch","line":52,"loc":{"start":{"line":52,"column":21},"end":{"line":52,"column":55}},"locations":[{"start":{"line":52,"column":21},"end":{"line":52,"column":55}}]},"2":{"type":"branch","line":52,"loc":{"start":{"line":52,"column":51},"end":{"line":52,"column":68}},"locations":[{"start":{"line":52,"column":51},"end":{"line":52,"column":68}}]},"3":{"type":"branch","line":53,"loc":{"start":{"line":53,"column":21},"end":{"line":53,"column":68}},"locations":[{"start":{"line":53,"column":21},"end":{"line":53,"column":68}}]},"4":{"type":"branch","line":53,"loc":{"start":{"line":53,"column":64},"end":{"line":53,"column":78}},"locations":[{"start":{"line":53,"column":64},"end":{"line":53,"column":78}}]},"5":{"type":"branch","line":80,"loc":{"start":{"line":80,"column":21},"end":{"line":80,"column":58}},"locations":[{"start":{"line":80,"column":21},"end":{"line":80,"column":58}}]},"6":{"type":"branch","line":81,"loc":{"start":{"line":81,"column":20},"end":{"line":81,"column":63}},"locations":[{"start":{"line":81,"column":20},"end":{"line":81,"column":63}}]},"7":{"type":"branch","line":86,"loc":{"start":{"line":86,"column":19},"end":{"line":87,"column":77}},"locations":[{"start":{"line":86,"column":19},"end":{"line":87,"column":77}}]},"8":{"type":"branch","line":87,"loc":{"start":{"line":87,"column":76},"end":{"line":89,"column":96}},"locations":[{"start":{"line":87,"column":76},"end":{"line":89,"column":96}}]},"9":{"type":"branch","line":96,"loc":{"start":{"line":96,"column":28},"end":{"line":96,"column":62}},"locations":[{"start":{"line":96,"column":28},"end":{"line":96,"column":62}}]},"10":{"type":"branch","line":96,"loc":{"start":{"line":96,"column":58},"end":{"line":96,"column":72}},"locations":[{"start":{"line":96,"column":58},"end":{"line":96,"column":72}}]},"11":{"type":"branch","line":120,"loc":{"start":{"line":120,"column":21},"end":{"line":120,"column":56}},"locations":[{"start":{"line":120,"column":21},"end":{"line":120,"column":56}}]},"12":{"type":"branch","line":121,"loc":{"start":{"line":121,"column":21},"end":{"line":122,"column":56}},"locations":[{"start":{"line":121,"column":21},"end":{"line":122,"column":56}}]},"13":{"type":"branch","line":122,"loc":{"start":{"line":122,"column":24},"end":{"line":123,"column":71}},"locations":[{"start":{"line":122,"column":24},"end":{"line":123,"column":71}}]},"14":{"type":"branch","line":124,"loc":{"start":{"line":124,"column":20},"end":{"line":124,"column":63}},"locations":[{"start":{"line":124,"column":20},"end":{"line":124,"column":63}}]},"15":{"type":"branch","line":126,"loc":{"start":{"line":126,"column":28},"end":{"line":126,"column":51}},"locations":[{"start":{"line":126,"column":28},"end":{"line":126,"column":51}}]},"16":{"type":"branch","line":129,"loc":{"start":{"line":129,"column":19},"end":{"line":130,"column":75}},"locations":[{"start":{"line":129,"column":19},"end":{"line":130,"column":75}}]},"17":{"type":"branch","line":130,"loc":{"start":{"line":130,"column":74},"end":{"line":132,"column":94}},"locations":[{"start":{"line":130,"column":74},"end":{"line":132,"column":94}}]},"18":{"type":"branch","line":139,"loc":{"start":{"line":139,"column":28},"end":{"line":139,"column":58}},"locations":[{"start":{"line":139,"column":28},"end":{"line":139,"column":58}}]},"19":{"type":"branch","line":139,"loc":{"start":{"line":139,"column":54},"end":{"line":139,"column":68}},"locations":[{"start":{"line":139,"column":54},"end":{"line":139,"column":68}}]},"20":{"type":"branch","line":153,"loc":{"start":{"line":153,"column":15},"end":{"line":154,"column":113}},"locations":[{"start":{"line":153,"column":15},"end":{"line":154,"column":113}}]},"21":{"type":"branch","line":154,"loc":{"start":{"line":154,"column":89},"end":{"line":154,"column":99}},"locations":[{"start":{"line":154,"column":89},"end":{"line":154,"column":99}}]},"22":{"type":"branch","line":154,"loc":{"start":{"line":154,"column":110},"end":{"line":156,"column":66}},"locations":[{"start":{"line":154,"column":110},"end":{"line":156,"column":66}}]},"23":{"type":"branch","line":169,"loc":{"start":{"line":169,"column":19},"end":{"line":169,"column":45}},"locations":[{"start":{"line":169,"column":19},"end":{"line":169,"column":45}}]},"24":{"type":"branch","line":169,"loc":{"start":{"line":169,"column":45},"end":{"line":169,"column":53}},"locations":[{"start":{"line":169,"column":45},"end":{"line":169,"column":53}}]},"25":{"type":"branch","line":190,"loc":{"start":{"line":190,"column":22},"end":{"line":190,"column":54}},"locations":[{"start":{"line":190,"column":22},"end":{"line":190,"column":54}}]},"26":{"type":"branch","line":190,"loc":{"start":{"line":190,"column":35},"end":{"line":190,"column":68}},"locations":[{"start":{"line":190,"column":35},"end":{"line":190,"column":68}}]},"27":{"type":"branch","line":190,"loc":{"start":{"line":190,"column":55},"end":{"line":190,"column":77}},"locations":[{"start":{"line":190,"column":55},"end":{"line":190,"column":77}}]},"28":{"type":"branch","line":194,"loc":{"start":{"line":194,"column":13},"end":{"line":198,"column":17}},"locations":[{"start":{"line":194,"column":13},"end":{"line":198,"column":17}}]},"29":{"type":"branch","line":198,"loc":{"start":{"line":198,"column":14},"end":{"line":203,"column":17}},"locations":[{"start":{"line":198,"column":14},"end":{"line":203,"column":17}}]},"30":{"type":"branch","line":177,"loc":{"start":{"line":177,"column":29},"end":{"line":180,"column":29}},"locations":[{"start":{"line":177,"column":29},"end":{"line":180,"column":29}}]},"31":{"type":"branch","line":179,"loc":{"start":{"line":179,"column":76},"end":{"line":179,"column":93}},"locations":[{"start":{"line":179,"column":76},"end":{"line":179,"column":93}}]},"32":{"type":"branch","line":189,"loc":{"start":{"line":189,"column":21},"end":{"line":189,"column":91}},"locations":[{"start":{"line":189,"column":21},"end":{"line":189,"column":91}}]}},"b":{"0":[15],"1":[3],"2":[12],"3":[3],"4":[12],"5":[12],"6":[1],"7":[3],"8":[12],"9":[3],"10":[12],"11":[13],"12":[12],"13":[3],"14":[1],"15":[14],"16":[2],"17":[13],"18":[2],"19":[13],"20":[3],"21":[0],"22":[12],"23":[2],"24":[13],"25":[14],"26":[2],"27":[2],"28":[1],"29":[14],"30":[26],"31":[0],"32":[1]},"fnMap":{"0":{"name":"PredictionsControls","decl":{"start":{"line":28,"column":64},"end":{"line":210,"column":2}},"loc":{"start":{"line":28,"column":64},"end":{"line":210,"column":2}},"line":28},"1":{"name":"handleStartDateSelect","decl":{"start":{"line":39,"column":32},"end":{"line":43,"column":4}},"loc":{"start":{"line":39,"column":32},"end":{"line":43,"column":4}},"line":39},"2":{"name":"handleEndDateSelect","decl":{"start":{"line":45,"column":30},"end":{"line":49,"column":4}},"loc":{"start":{"line":45,"column":30},"end":{"line":49,"column":4}},"line":45},"3":{"name":"disabled","decl":{"start":{"line":141,"column":28},"end":{"line":145,"column":20}},"loc":{"start":{"line":141,"column":28},"end":{"line":145,"column":20}},"line":141},"4":{"name":"onValueChange","decl":{"start":{"line":170,"column":27},"end":{"line":170,"column":72}},"loc":{"start":{"line":170,"column":27},"end":{"line":170,"column":72}},"line":170},"5":{"name":"onClick","decl":{"start":{"line":189,"column":21},"end":{"line":189,"column":91}},"loc":{"start":{"line":189,"column":21},"end":{"line":189,"column":91}},"line":189}},"f":{"0":15,"1":0,"2":0,"3":0,"4":0,"5":1}}
,"/Users/yanis/Documents/cours/B3/MSPR/MSPR-TPRE-502/front/src/components/Predictions/components/charts/MortalityRateChart.tsx": {"path":"/Users/yanis/Documents/cours/B3/MSPR/MSPR-TPRE-502/front/src/components/Predictions/components/charts/MortalityRateChart.tsx","all":false,"statementMap":{"0":{"start":{"line":1,"column":0},"end":{"line":1,"column":26}},"1":{"start":{"line":2,"column":0},"end":{"line":2,"column":39}},"20":{"start":{"line":21,"column":0},"end":{"line":21,"column":99}},"21":{"start":{"line":22,"column":0},"end":{"line":22,"column":27}},"22":{"start":{"line":23,"column":0},"end":{"line":23,"column":29}},"25":{"start":{"line":26,"column":0},"end":{"line":26,"column":68}},"26":{"start":{"line":27,"column":0},"end":{"line":27,"column":38}},"27":{"start":{"line":28,"column":0},"end":{"line":28,"column":40}},"28":{"start":{"line":29,"column":0},"end":{"line":29,"column":26}},"29":{"start":{"line":30,"column":0},"end":{"line":30,"column":5}},"32":{"start":{"line":33,"column":0},"end":{"line":33,"column":90}},"34":{"start":{"line":35,"column":0},"end":{"line":35,"column":21}},"35":{"start":{"line":36,"column":0},"end":{"line":36,"column":89}},"36":{"start":{"line":37,"column":0},"end":{"line":37,"column":15}},"38":{"start":{"line":39,"column":0},"end":{"line":39,"column":7}},"39":{"start":{"line":40,"column":0},"end":{"line":40,"column":63}},"40":{"start":{"line":41,"column":0},"end":{"line":41,"column":43}},"41":{"start":{"line":42,"column":0},"end":{"line":42,"column":43}},"42":{"start":{"line":43,"column":0},"end":{"line":43,"column":50}},"43":{"start":{"line":44,"column":0},"end":{"line":44,"column":11}},"44":{"start":{"line":45,"column":0},"end":{"line":45,"column":41}},"45":{"start":{"line":46,"column":0},"end":{"line":46,"column":51}},"46":{"start":{"line":47,"column":0},"end":{"line":47,"column":21}},"47":{"start":{"line":48,"column":0},"end":{"line":48,"column":20}},"48":{"start":{"line":49,"column":0},"end":{"line":49,"column":23}},"49":{"start":{"line":50,"column":0},"end":{"line":50,"column":28}},"50":{"start":{"line":51,"column":0},"end":{"line":51,"column":23}},"51":{"start":{"line":52,"column":0},"end":{"line":52,"column":8}},"53":{"start":{"line":54,"column":0},"end":{"line":54,"column":7}},"54":{"start":{"line":55,"column":0},"end":{"line":55,"column":59}},"55":{"start":{"line":56,"column":0},"end":{"line":56,"column":43}},"56":{"start":{"line":57,"column":0},"end":{"line":57,"column":43}},"57":{"start":{"line":58,"column":0},"end":{"line":58,"column":49}},"58":{"start":{"line":59,"column":0},"end":{"line":59,"column":11}},"59":{"start":{"line":60,"column":0},"end":{"line":60,"column":41}},"60":{"start":{"line":61,"column":0},"end":{"line":61,"column":51}},"61":{"start":{"line":62,"column":0},"end":{"line":62,"column":21}},"62":{"start":{"line":63,"column":0},"end":{"line":63,"column":20}},"63":{"start":{"line":64,"column":0},"end":{"line":64,"column":23}},"64":{"start":{"line":65,"column":0},"end":{"line":65,"column":28}},"65":{"start":{"line":66,"column":0},"end":{"line":66,"column":23}},"66":{"start":{"line":67,"column":0},"end":{"line":67,"column":8}},"67":{"start":{"line":68,"column":0},"end":{"line":68,"column":6}},"68":{"start":{"line":69,"column":0},"end":{"line":69,"column":4}},"70":{"start":{"line":71,"column":0},"end":{"line":71,"column":19}},"71":{"start":{"line":72,"column":0},"end":{"line":72,"column":21}},"72":{"start":{"line":73,"column":0},"end":{"line":73,"column":31}},"73":{"start":{"line":74,"column":0},"end":{"line":74,"column":14}},"74":{"start":{"line":75,"column":0},"end":{"line":75,"column":14}},"75":{"start":{"line":76,"column":0},"end":{"line":76,"column":22}},"76":{"start":{"line":77,"column":0},"end":{"line":77,"column":64}},"77":{"start":{"line":78,"column":0},"end":{"line":78,"column":15}},"78":{"start":{"line":79,"column":0},"end":{"line":79,"column":19}},"79":{"start":{"line":80,"column":0},"end":{"line":80,"column":34}},"80":{"start":{"line":81,"column":0},"end":{"line":81,"column":10}},"81":{"start":{"line":82,"column":0},"end":{"line":82,"column":8}},"82":{"start":{"line":83,"column":0},"end":{"line":83,"column":15}},"83":{"start":{"line":84,"column":0},"end":{"line":84,"column":22}},"84":{"start":{"line":85,"column":0},"end":{"line":85,"column":33}},"85":{"start":{"line":86,"column":0},"end":{"line":86,"column":8}},"86":{"start":{"line":87,"column":0},"end":{"line":87,"column":6}},"87":{"start":{"line":88,"column":0},"end":{"line":88,"column":13}},"88":{"start":{"line":89,"column":0},"end":{"line":89,"column":10}},"89":{"start":{"line":90,"column":0},"end":{"line":90,"column":26}},"90":{"start":{"line":91,"column":0},"end":{"line":91,"column":16}},"91":{"start":{"line":92,"column":0},"end":{"line":92,"column":24}},"92":{"start":{"line":93,"column":0},"end":{"line":93,"column":36}},"93":{"start":{"line":94,"column":0},"end":{"line":94,"column":10}},"94":{"start":{"line":95,"column":0},"end":{"line":95,"column":16}},"95":{"start":{"line":96,"column":0},"end":{"line":96,"column":42}},"96":{"start":{"line":97,"column":0},"end":{"line":97,"column":50}},"97":{"start":{"line":98,"column":0},"end":{"line":98,"column":11}},"98":{"start":{"line":99,"column":0},"end":{"line":99,"column":9}},"99":{"start":{"line":100,"column":0},"end":{"line":100,"column":8}},"100":{"start":{"line":101,"column":0},"end":{"line":101,"column":10}},"101":{"start":{"line":102,"column":0},"end":{"line":102,"column":16}},"102":{"start":{"line":103,"column":0},"end":{"line":103,"column":24}},"103":{"start":{"line":104,"column":0},"end":{"line":104,"column":23}},"104":{"start":{"line":105,"column":0},"end":{"line":105,"column":10}},"105":{"start":{"line":106,"column":0},"end":{"line":106,"column":8}},"106":{"start":{"line":107,"col
[...]
tions":[{"start":{"line":20,"column":30},"end":{"line":216,"column":2}}]},"1":{"type":"branch","line":71,"loc":{"start":{"line":71,"column":8},"end":{"line":71,"column":24}},"locations":[{"start":{"line":71,"column":8},"end":{"line":71,"column":24}}]},"2":{"type":"branch","line":71,"loc":{"start":{"line":71,"column":14},"end":{"line":76,"column":9}},"locations":[{"start":{"line":71,"column":14},"end":{"line":76,"column":9}}]},"3":{"type":"branch","line":76,"loc":{"start":{"line":76,"column":5},"end":{"line":76,"column":13}},"locations":[{"start":{"line":76,"column":5},"end":{"line":76,"column":13}}]},"4":{"type":"branch","line":79,"loc":{"start":{"line":79,"column":15},"end":{"line":94,"column":3}},"locations":[{"start":{"line":79,"column":15},"end":{"line":94,"column":3}}]},"5":{"type":"branch","line":94,"loc":{"start":{"line":94,"column":2},"end":{"line":96,"column":13}},"locations":[{"start":{"line":94,"column":2},"end":{"line":96,"column":13}}]},"6":{"type":"branch","line":96,"loc":{"start":{"line":96,"column":13},"end":{"line":112,"column":3}},"locations":[{"start":{"line":96,"column":13},"end":{"line":112,"column":3}}]},"7":{"type":"branch","line":112,"loc":{"start":{"line":112,"column":2},"end":{"line":132,"column":45}},"locations":[{"start":{"line":112,"column":2},"end":{"line":132,"column":45}}]},"8":{"type":"branch","line":132,"loc":{"start":{"line":132,"column":45},"end":{"line":132,"column":65}},"locations":[{"start":{"line":132,"column":45},"end":{"line":132,"column":65}}]},"9":{"type":"branch","line":137,"loc":{"start":{"line":137,"column":23},"end":{"line":137,"column":39}},"locations":[{"start":{"line":137,"column":23},"end":{"line":137,"column":39}}]},"10":{"type":"branch","line":137,"loc":{"start":{"line":137,"column":41},"end":{"line":137,"column":56}},"locations":[{"start":{"line":137,"column":41},"end":{"line":137,"column":56}}]},"11":{"type":"branch","line":139,"loc":{"start":{"line":139,"column":36},"end":{"line":139,"column":52}},"locations":[{"start":{"line":139,"column":36},"end":{"line":139,"column":52}}]},"12":{"type":"branch","line":139,"loc":{"start":{"line":139,"column":42},"end":{"line":139,"column":64}},"locations":[{"start":{"line":139,"column":42},"end":{"line":139,"column":64}}]},"13":{"type":"branch","line":139,"loc":{"start":{"line":139,"column":52},"end":{"line":139,"column":77}},"locations":[{"start":{"line":139,"column":52},"end":{"line":139,"column":77}}]},"14":{"type":"branch","line":140,"loc":{"start":{"line":140,"column":23},"end":{"line":140,"column":39}},"locations":[{"start":{"line":140,"column":23},"end":{"line":140,"column":39}}]},"15":{"type":"branch","line":140,"loc":{"start":{"line":140,"column":29},"end":{"line":140,"column":72}},"locations":[{"start":{"line":140,"column":29},"end":{"line":140,"column":72}}]},"16":{"type":"branch","line":140,"loc":{"start":{"line":140,"column":67},"end":{"line":140,"column":106}},"locations":[{"start":{"line":140,"column":67},"end":{"line":140,"column":106}}]},"17":{"type":"branch","line":141,"loc":{"start":{"line":141,"column":23},"end":{"line":141,"column":39}},"locations":[{"start":{"line":141,"column":23},"end":{"line":141,"column":39}}]},"18":{"type":"branch","line":141,"loc":{"start":{"line":141,"column":29},"end":{"line":141,"column":58}},"locations":[{"start":{"line":141,"column":29},"end":{"line":141,"column":58}}]},"19":{"type":"branch","line":141,"loc":{"start":{"line":141,"column":39},"end":{"line":141,"column":72}},"locations":[{"start":{"line":141,"column":39},"end":{"line":141,"column":72}}]},"20":{"type":"branch","line":204,"loc":{"start":{"line":204,"column":68},"end":{"line":204,"column":83}},"locations":[{"start":{"line":204,"column":68},"end":{"line":204,"column":83}}]},"21":{"type":"branch","line":31,"loc":{"start":{"line":31,"column":24},"end":{"line":50,"column":4}},"locations":[{"start":{"line":31,"column":24},"end":{"line":50,"column":4}}]},"22":{"type":"branch","line":33,"loc":{"start":{"line":33,"column":6},"end":{"line":34,"column":31}},"locations":[{"start":{"line":33,"column":6},"end":{"line":34,"column":31}}]},"23":{"type":"branch","line":35,"loc":{"start":{"line":35,"column":6},"end":{"line":36,"column":34}},"locations":[{"start":{"line":35,"column":6},"end":{"line":36,"column":34}}]},"24":{"type":"branch","line":37,"loc":{"start":{"line":37,"column":6},"end":{"line":38,"column":28}},"locations":[{"start":{"line":37,"column":6},"end":{"line":38,"column":28}}]},"25":{"type":"branch","line":39,"loc":{"start":{"line":39,"column":6},"end":{"line":45,"column":16}},"locations":[{"start":{"line":39,"column":6},"end":{"line":45,"column":16}}]},"26":{"type":"branch","line":47,"loc":{"start":{"line":47,"column":6},"end":{"line":48,"column":20}},"locations":[{"start":{"line":47,"column":6},"end":{"line":48,"column":20}}]},"27":{"type":"branch","line":151,"loc":{"start":{"line":151,"column":33},"end":{"line":167,"column":29}},"locations":[{"start":{"line":151,"column":33},"end":{"line":167,"column":29}}]},"28":{"type":"branch","line":154,"loc":{"start":{"line":154,"column":49},"end":{"line":154,"column":67}},"locations":[{"start":{"line":154,"column":49},"end":{"line":154,"column":67}}]},"29":{"type":"branch","line":154,"loc":{"start":{"line":154,"column":55},"end":{"line":154,"column":75}},"locations":[{"start":{"line":154,"column":55},"end":{"line":154,"column":75}}]},"30":{"type":"branch","line":156,"loc":{"start":{"line":156,"column":31},"end":{"line":156,"column":59}},"locations":[{"start":{"line":156,"column":31},"end":{"line":156,"column":59}}]},"31":{"type":"branch","line":192,"loc":{"start":{"line":192,"column":20},"end":{"line":201,"column":21}},"locations":[{"start":{"line":192,"column":20},"end":{"line":201,"column":21}}]},"32":{"type":"branch","line":194,"loc":{"start":{"line":194,"column":45},"end":{"line":194,"column":58}},"locations":[{"start":{"line":194,"column":45},"end":{"line":194,"column":58}}]},"33":{"type":"branch","line":193,"loc":{"start":{"line":193,"column":54},"end":{"line":193,"column":88}},"locations":[{"start":{"line":193,"column":54},"end":{"line":193,"column":88}}]},"34":{"type":"branch","line":204,"loc":{"start":{"line":204,"column":34},"end":{"line":204,"column":68}},"locations":[{"start":{"line":204,"column":34},"end":{"line":204,"column":68}}]}},"b":{"0":[8],"1":[6],"2":[1],"3":[7],"4":[1],"5":[7],"6":[1],"7":[6],"8":[6],"9":[6],"10":[6],"11":[6],"12":[1],"13":[5],"14":[6],"15":[1],"16":[5],"17":[6],"18":[1],"19":[5],"20":[6],"21":[6],"22":[4],"23":[1],"24":[1],"25":[0],"26":[0],"27":[19],"28":[6],"29":[13],"30":[2],"31":[6],"32":[0],"33":[9],"34":[9]},"fnMap":{"0":{"name":"ProfilePage","decl":{"start":{"line":20,"column":30},"end":{"line":216,"column":2}},"loc":{"start":{"line":20,"column":30},"end":{"line":216,"column":2}},"line":20},"1":{"name":"handleLogout","decl":{"start":{"line":26,"column":23},"end":{"line":29,"column":4}},"loc":{"start":{"line":26,"column":23},"end":{"line":29,"column":4}},"line":26},"2":{"name":"renderSection","decl":{"start":{"line":31,"column":24},"end":{"line":50,"column":4}},"loc":{"start":{"line":31,"column":24},"end":{"line":50,"column":4}},"line":31},"3":{"name":"onClick","decl":{"start":{"line":156,"column":31},"end":{"line":156,"column":59}},"loc":{"start":{"line":156,"column":31},"end":{"line":156,"column":59}},"line":156}},"f":{"0":8,"1":0,"2":6,"3":2}}
,"/Users/yanis/Documents/cours/B3/MSPR/MSPR-TPRE-502/front/src/types/types.ts": {"path":"/Users/yanis/Documents/cours/B3/MSPR/MSPR-TPRE-502/front/src/types/types.ts","all":true,"statementMap":{},"s":{},"branchMap":{"0":{"type":"branch","line":1,"loc":{"start":{"line":1,"column":1195},"end":{"line":68,"column":1}},"locations":[{"start":{"line":1,"column":1195},"end":{"line":68,"column":1}}]}},"b":{"0":[1]},"fnMap":{"0":{"name":"(empty-report)","decl":{"start":{"line":1,"column":1195},"end":{"line":68,"column":1}},"loc":{"start":{"line":1,"column":1195},"end":{"line":68,"column":1}},"line":1}},"f":{"0":1}}
,"/Users/yanis/Documents/cours/B3/MSPR/MSPR-TPRE-502/front/src/utils/flagUtils.ts": {"path":"/Users/yanis/Documents/cours/B3/MSPR/MSPR-TPRE-502/front/src/utils/flagUtils.ts","all":false,"statementMap":{"1":{"start":{"line":2,"column":0},"end":{"line":2,"column":47}},"2":{"start":{"line":3,"column":0},"end":{"line":3,"column":79}},"3":{"start":{"line":4,"column":0},"end":{"line":4,"column":79}},"4":{"start":{"line":5,"column":0},"end":{"line":5,"column":79}},"5":{"start":{"line":6,"column":0},"end":{"line":6,"column":79}},"6":{"start":{"line":7,"column":0},"end":{"line":7,"column":79}},"7":{"start":{"line":8,"column":0},"end":{"line":8,"column":79}},"8":{"start":{"line":9,"column":0},"end":{"line":9,"column":79}},"9":{"start":{"line":10,"column":0},"end":{"line":10,"column":79}},"10":{"start":{"line":11,"column":0},"end":{"line":11,"column":79}},"11":{"start":{"line":12,"column":0},"end":{"line":12,"column":79}},"12":{"start":{"line":13,"column":0},"end":{"line":13,"column":79}},"13":{"start":{"line":14,"column":0},"end":{"line":14,"column":79}},"14":{"start":{"line":15,"column":0},"end":{"line":15,"column":79}},"15":{"start":{"line":16,"column":0},"end":{"line":16,"column":79}},"16":{"start":{"line":17,"column":0},"end":{"line":17,"column":79}},"17":{"start":{"line":18,"column":0},"end":{"line":18,"column":79}},"18":{"start":{"line":19,"column":0},"end":{"line":19,"column":79}},"19":{"start":{"line":20,"column":0},"end":{"line":20,"column":79}},"20":{"start":{"line":21,"column":0},"end":{"line":21,"column":79}},"21":{"start":{"line":22,"column":0},"end":{"line":22,"column":79}},"22":{"start":{"line":23,"column":0},"end":{"line":23,"column":79}},"23":{"start":{"line":24,"column":0},"end":{"line":24,"column":79}},"24":{"start":{"line":25,"column":0},"end":{"line":25,"column":79}},"25":{"start":{"line":26,"column":0},"end":{"line":26,"column":79}},"26":{"start":{"line":27,"column":0},"end":{"line":27,"column":79}},"27":{"start":{"line":28,"column":0},"end":{"line":28,"column":79}},"28":{"start":{"line":29,"column":0},"end":{"line":29,"column":79}},"29":{"start":{"line":30,"column":0},"end":{"line":30,"column":79}},"30":{"start":{"line":31,"column":0},"end":{"line":31,"column":79}},"31":{"start":{"line":32,"column":0},"end":{"line":32,"column":79}},"32":{"start":{"line":33,"column":0},"end":{"line":33,"column":79}},"33":{"start":{"line":34,"column":0},"end":{"line":34,"column":78}},"34":{"start":{"line":35,"column":0},"end":{"line":35,"column":2}},"41":{"start":{"line":42,"column":0},"end":{"line":42,"column":72}},"42":{"start":{"line":43,"column":0},"end":{"line":43,"column":40}},"43":{"start":{"line":44,"column":0},"end":{"line":44,"column":2}},"50":{"start":{"line":51,"column":0},"end":{"line":51,"column":64}},"51":{"start":{"line":52,"column":0},"end":{"line":52,"column":26}},"53":{"start":{"line":54,"column":0},"end":{"line":54,"column":39}},"54":{"start":{"line":55,"column":0},"end":{"line":55,"column":26}},"57":{"start":{"line":58,"column":0},"end":{"line":58,"column":13}},"58":{"start":{"line":59,"column":0},"end":{"line":59,"column":14}},"59":{"start":{"line":60,"column":0},"end":{"line":60,"column":67}},"60":{"start":{"line":61,"column":0},"end":{"line":61,"column":14}},"61":{"start":{"line":62,"column":0},"end":{"line":62,"column":2}},"68":{"start":{"line":69,"column":0},"end":{"line":69,"column":63}},"69":{"start":{"line":70,"column":0},"end":{"line":70,"column":13}},"70":{"start":{"line":71,"column":0},"end":{"line":71,"column":18}},"71":{"start":{"line":72,"column":0},"end":{"line":72,"column":14}},"72":{"start":{"line":73,"column":0},"end":{"line":73,"column":67}},"73":{"start":{"line":74,"column":0},"end":{"line":74,"column":14}},"74":{"start":{"line":75,"column":0},"end":{"line":75,"column":2}},"77":{"start":{"line":78,"column":0},"end":{"line":78,"column":32}},"78":{"start":{"line":79,"column":0},"end":{"line":79,"column":97}},"79":{"start":{"line":80,"column":0},"end":{"line":80,"column":97}},"80":{"start":{"line":81,"column":0},"end":{"line":81,"column":97}},"81":{"start":{"line":82,"column":0},"end":{"line":82,"column":97}},"82":{"start":{"line":83,"column":0},"end":{"line":83,"column":97}},"83":{"start":{"line":84,"column":0},"end":{"line":84,"column":97}},"84":{"start":{"line":85,"column":0},"end":{"line":85,"column":97}},"85":{"start":{"line":86,"column":0},"end":{"line":86,"column":97}},"86":{"start":{"line":87,"column":0},"end":{"line":87,"column":97}},"87":{"start":{"line":88,"column":0},"end":{"line":88,"column":97}},"88":{"start":{"line":89,"column":0},"end":{"line":89,"column":97}},"89":{"start":{"line":90,"column":0},"end":{"line":90,"column":97}},"90":{"start":{"line":91,"column":0},"end":{"line":91,"column":97}},"91":{"start":{"line":92,"column":0},"end":{"line":92,"column":97}},"92":{"start":{"line":93,"column":0},"end":{"line":93,"column":97}},"93":{"start":{"line":94,"column":0},"end":{"line":94,"column":54}},"94":{"start":{"line":95,"column":0},"end":{"line":95,"column":3}},"102":{"start":{"line":103,"column":0},"end":{"line":103,"column":72}},"104":{"start":{"line":105,"column":0},"end":{"line":105,"column":56}},"105":{"start":{"line":106,"column":0},"end":{"line":106,"column":17}},"106":{"start":{"line":107,"column":0},"end":{"line":107,"column":3}},"109":{"start":{"line":110,"column":0},"end":{"line":110,"column":53}},"111":{"start":{"line":112,"column":0},"end":{"line":112,"column":19}},"112":{"start":{"line":113,"column":0},"end":{"line":113,"column":17}},"113":{"start":{"line":114,"column":0},"end":{"line":114,"column":3}},"116":{"start":{"line":117,"column":0},"end":{"line":117,"column":31}},"118":{"start":{"line":119,"column":0},"end":{"line":119,"column":40}},"119":{"start":{"line":120,"column":0},"end":{"line":120,"column":11}},"120":{"start":{"line":121,"column":0},"end":{"line":121,"column":47}},"121":{"start":{"line":122,"column":0},"end":{"line":122,"column":15}},"122":{"start":{"line":123,"column":0},"end":{"line":123,"column":21}},"123":{"start":{"line":124,"column":0},"end":{"line":124,"column":7}},"124":{"start":{"line":125,"column":0},"end":{"line":125,"column":12}},"125":{"start":{"line":126,"column":0},"end":{"line":126,"column":19}},"126":{"start":{"line":127,"column":0},"end":{"line":127,"column":5}},"127":{"start":{"line":128,"column":0},"end":{"line":128,"column":3}},"130":{"start":{"line":131,"column":0},"end":{"line":131,"column":31}},"131":{"start":{"line":132,"column":0},"end":{"line":132,"column":43}},"132":{"start":{"line":133,"column":0},"end":{"line":133,"column":3}},"135":{"start":{"line":136,"column":0},"end":{"line":136,"column":15}},"136":{"start":{"line":137,"column":0},"end":{"line":137,"column":2}}},"s":{"1":1,"2":1,"3":1,"4":1,"5":1,"6":1,"7":1,"8":1,"9":1,"10":1,"11":1,"12":1,"13":1,"14":1,"15":1,"16":1,"17":1,"18":1,"19":1,"20":1,"21":1,"22":1,"23":1,"24":1,"25":1,"26":1,"27":1,"28":1,"29":1,"30":1,"31":1,"32":1,"33":1,"34":1,"41":1,"42":10,"43":10,"50":1,"51":10,"53":10,"54":10,"57":10,"58":10,"59":10,"60":10,"61":10,"68":1,"69":8,"70":8,"71":8,"72":8,"73":8,"74":8,"77":1,"78":1,"79":1,"80":1,"81":1,"82":1,"83":1,"84":1,"85":1,"86":1,"87":1,"88":1,"89":1,"90":1,"91":1,"92":1,"93":1,"94":1,"102":1,"104":16,"105":3,"106":3,"109":13,"111":16,"112":0,"113":0,"116":16,"118":9,"119":8,"120":8,"121":8,"122":0,"123":0,"124":9,"125":1,"126":1,"127":9,"130":16,"131":3,"132":3,"135":1,"136":1},"branchMap":{"0":{"type":"branch","line":42,"loc":{"start":{"line":42,"column":33},"end":{"line":44,"column":2}},"locations":[{"start":{"line":42,"column":33},"end":{"line":44,"column":2}}]},"1":{"type":"branch","line":51,"loc":{"start":{"line":51,"column":36},"end":{"line":62,"column":2}},"locations":[{"start":{"line":51,"column":36},"end":{"line":62,"column":2}}]},"2":{"type":"branch","line":52,"loc":{"start":{"line":52,"column":13},"end":{"line":52,"column":26}},"locations":[{"start":{"line":52,"column":13},"end":{"line":52,"column":26}}]},"3":{"type":"branch","line":55,"loc":{"start":{"line":55,"column":13},"end":{"line":55,"column":26}},"locations":[{"start":{"line":55,"column":13},"end":{"line":55,"column":26}}]},"4":{"type":"branch","line":60,"loc":{"start":{"line":60,"column":9},"end":{"line":60,"column":66}},"locations":[{"start":{"line":60,"column":9},"end":{"line":60,"column":66}}]},"5":{"type":"branch","line":69,"loc":{"start":{"line":69,"column":36},"end":{"line":75,"column":2}},"locations":[{"start":{"line":69,"column":36},"end":{"line":75,"column":2}}]},"6":{"type":"branch","line":73,"loc":{"start":{"line":73,"column":9},"end":{"line":73,"column":66}},"locations":[{"start":{"line":73,"column":9},"end":{"line":73,"column":66}}]},"7":{"type":"branch","line":103,"loc":{"start":{"line":103,"column":30},"end":{"line":137,"column":2}},"locations":[{"start":{"line":103,"column":30},"end":{"line":137,"column":2}}]},"8":{"type":"branch","line":105,"loc":{"start":{"line":105,"column":7},"end":{"line":105,"column":55}},"locations":[{"start":{"line":105,"column":7},"end":{"line":105,"column":55}}]},"9":{"type":"branch","line":105,"loc":{"start":{"line":105,"column":55},"end":{"line":107,"column":3}},"locations":[{"start":{"line":105,"column":55},"end":{"line":107,"column":3}}]},"10":{"type":"branch","line":107,"loc":{"start":{"line":107,"column":2},"end":{"line":112,"column":18}},"locations":[{"start":{"line":107,"column":2},"end":{"line":112,"column":18}}]},"11":{"type":"branch","line":112,"loc":{"start":{"line":112,"column":18},"end":{"line":114,"column":3}},"locations":[{"start":{"line":112,"column":18},"end":{"line":114,"column":3}}]},"12":{"type":"branch","line":114,"loc":{"start":{"line":114,"column":2},"end":{"line":117,"column":30}},"locations":[{"start":{"line":114,"column":2},"end":{"line":117,"column":30}}]},"13":{"type":"branch","line":117,"loc":{"start":{"line":117,"column":30},"end":{"line":128,"column":3}},"locations":[{"start":{"line":117,"column":30},"end":{"line":128,"column":3}}]},"14":{"type":"branch","line":119,"loc":{"start":{"line":119,"column":39},"end":{"line":125,"column":11}},"locations":[{"start":{"line":119,"column":39},"end":{"line":125,"column":11}}]},"15":{"type":"branch","line":122,"loc":{"start":{"line":122,"column":6},"end":{"line":124,"column":7}},"locations":[{"start":{"line":122,"column":6},"end":{"line":124,"column":7}}]},"16":{"type":"branch","line":125,"loc":{"start":{"line":125,"column":4},"end":{"line":127,"column":5}},"locations":[{"start":{"line":125,"column":4},"end":{"line":127,"column":5}}]},"17":{"type":"branch","line":128,"loc":{"start":{"line":128,"column":2},"end":{"line":131,"column":30}},"locations":[{"start":{"line":128,"column":2},"end":{"line":131,"column":30}}]},"18":{"type":"branch","line":131,"loc":{"start":{"line":131,"column":30},"end":{"line":133,"column":3}},"locations":[{"start":{"line":131,"column":30},"end":{"line":133,"column":3}}]},"19":{"type":"branch","line":133,"loc":{"start":{"line":133,"column":2},"end":{"line":137,"column":2}},"locations":[{"start":{"line":133,"column":2},"end":{"line":137,"column":2}}]}},"b":{"0":[10],"1":[10],"2":[0],"3":[0],"4":[20],"5":[8],"6":[16],"7":[16],"8":[13],"9":[3],"10":[13],"11":[0],"12":[13],"13":[9],"14":[8],"15":[0],"16":[1],"17":[4],"18":[3],"19":[1]},"fnMap":{"0":{"name":"convertIso3ToIso2","decl":{"start":{"line":42,"column":33},"end":{"line":44,"column":2}},"loc":{"start":{"line":42,"column":33},"end":{"line":44,"column":2}},"line":42},"1":{"name":"getFlagEmojiFromIso3","decl":{"start":{"line":51,"column":36},"end":{"line":62,"column":2}},"loc":{"start":{"line":51,"column":36},"end":{"line":62,"column":2}},"line":51},"2":{"name":"getFlagEmojiFromIso2","decl":{"start":{"line":69,"column":36},"end":{"line":75,"column":2}},"loc":{"start":{"line":69,"column":36},"end":{"line":75,"column":2}},"line":69},"3":{"name":"getCountryFlag","decl":{"start":{"line":103,"column":30},"end":{"line":137,"column":2}},"loc":{"start":{"line":103,"column":30},"end":{"line":137,"column":2}},"line":103}},"f":{"0":10,"1":10,"2":8,"3":16}}
}
